#
# A fatal error has been detected by the Java Runtime Environment:
#
#  EXCEPTION_UNCAUGHT_CXX_EXCEPTION (0xe06d7363) at pc=0x76444662, pid=14252, tid=0x000022e4
#
# JRE version: Java(TM) SE Runtime Environment (8.0_231-b11) (build 1.8.0_231-b11)
# Java VM: Java HotSpot(TM) Client VM (25.231-b11 mixed mode, sharing windows-x86 )
# Problematic frame:
# C  [KERNELBASE.dll+0x114662]
#
# Failed to write core dump. Minidumps are not enabled by default on client versions of Windows
#
# If you would like to submit a bug report, please visit:
#   http://bugreport.java.com/bugreport/crash.jsp
# The crash happened outside the Java Virtual Machine in native code.
# See problematic frame for where to report the bug.
#

---------------  T H R E A D  ---------------

Current thread (0x0254e000):  JavaThread "main" [_thread_in_native, id=8932, stack(0x00870000,0x008c0000)]

siginfo: ExceptionCode=0xe06d7363, ExceptionInformation=0x19930520 0x008befe0 0x7a73c9d4 

Registers:
EAX=0x008beef0, EBX=0x19930520, ECX=0x00000003, EDX=0x00000000
ESP=0x008beef0, EBP=0x008bef48, ESI=0x008befc0, EDI=0x7a73c9d4
EIP=0x76444662, EFLAGS=0x00000216

Top of Stack: (sp=0x008beef0)
0x008beef0:   e06d7363 00000001 00000000 76444662
0x008bef00:   00000003 19930520 008befe0 7a73c9d4
0x008bef10:   00000064 00000000 00610208 0000001c
0x008bef20:   00000000 001c0005 00619f18 0061a108
0x008bef30:   006101f8 005e0000 008bef58 008bef58
0x008bef40:   77dcdcb6 50133a23 008bef78 702d7ad6
0x008bef50:   e06d7363 00000001 00000003 008bef6c
0x008bef60:   0061fe98 00000001 008befe0 19930520 

Instructions: (pc=0x76444662)
0x76444642:   89 44 24 10 c1 e0 02 50 51 8d 44 24 1c 50 e8 3f
0x76444652:   65 02 00 83 c4 0c 8d 04 24 50 ff 15 04 a4 4f 76
0x76444662:   8b 4c 24 54 33 cc e8 d3 c0 01 00 8b e5 5d c2 10
0x76444672:   00 83 64 24 10 00 eb de 6a 0f 58 eb c3 cc cc cc 


Register to memory mapping:

EAX=0x008beef0 is pointing into the stack for thread: 0x0254e000
EBX=0x19930520 is an unknown value
ECX=0x00000003 is an unknown value
EDX=0x00000000 is an unknown value
ESP=0x008beef0 is pointing into the stack for thread: 0x0254e000
EBP=0x008bef48 is pointing into the stack for thread: 0x0254e000
ESI=0x008befc0 is pointing into the stack for thread: 0x0254e000
EDI=0x7a73c9d4 is an unknown value


Stack: [0x00870000,0x008c0000],  sp=0x008beef0,  free space=315k
Native frames: (J=compiled Java code, j=interpreted, Vv=VM code, C=native code)
C  [KERNELBASE.dll+0x114662]
C  [VCRUNTIME140.dll+0x7ad6]
C  [PACKDLL2.dll+0x680e]
C  [PACKDLL2.dll+0x4b12]
C  [PACKDLL2.dll+0x1c02]
C  [PACKDLL2.dll+0x3b3c]
C  [jna1624384542024794187.tmp+0xda37]
C  [jna1624384542024794187.tmp+0x9182]
C  [jna1624384542024794187.tmp+0x2161]
C  [jna1624384542024794187.tmp+0x28c4]
j  com.sun.jna.Function.invokeVoid(I[Ljava/lang/Object;)V+0
j  com.sun.jna.Function.invoke([Ljava/lang/Object;Ljava/lang/Class;)Ljava/lang/Object;+44
j  com.sun.jna.Function.invoke(Ljava/lang/Class;[Ljava/lang/Object;Ljava/util/Map;)Ljava/lang/Object;+194
j  com.sun.jna.Library$Handler.invoke(Ljava/lang/Object;Ljava/lang/reflect/Method;[Ljava/lang/Object;)Ljava/lang/Object;+344
j  com.sun.proxy.$Proxy0.READNUM(Lcom/sun/jna/Pointer;[Ljava/lang/String;I)V+27
j  Test.main([Ljava/lang/String;)V+938
v  ~StubRoutines::call_stub
V  [jvm.dll+0x15c3d5]
V  [jvm.dll+0x2260ae]
V  [jvm.dll+0x15c46e]
V  [jvm.dll+0xdda67]
V  [jvm.dll+0xe600f]
C  [java.exe+0x2363]
C  [java.exe+0xb03f]
C  [java.exe+0xb0c9]
C  [KERNEL32.DLL+0x16359]
C  [ntdll.dll+0x67c24]
C  [ntdll.dll+0x67bf4]
C  0x00000000

Java frames: (J=compiled Java code, j=interpreted, Vv=VM code)
j  com.sun.jna.Function.invokeVoid(I[Ljava/lang/Object;)V+0
j  com.sun.jna.Function.invoke([Ljava/lang/Object;Ljava/lang/Class;)Ljava/lang/Object;+44
j  com.sun.jna.Function.invoke(Ljava/lang/Class;[Ljava/lang/Object;Ljava/util/Map;)Ljava/lang/Object;+194
j  com.sun.jna.Library$Handler.invoke(Ljava/lang/Object;Ljava/lang/reflect/Method;[Ljava/lang/Object;)Ljava/lang/Object;+344
j  com.sun.proxy.$Proxy0.READNUM(Lcom/sun/jna/Pointer;[Ljava/lang/String;I)V+27
j  Test.main([Ljava/lang/String;)V+938
v  ~StubRoutines::call_stub

---------------  P R O C E S S  ---------------

Java Threads: ( => current thread )
  0x0246dc00 JavaThread "Service Thread" daemon [_thread_blocked, id=12380, stack(0x15140000,0x15190000)]
  0x02459800 JavaThread "C1 CompilerThread0" daemon [_thread_blocked, id=10192, stack(0x14eb0000,0x14f00000)]
  0x02458000 JavaThread "Monitor Ctrl-Break" daemon [_thread_in_native, id=9328, stack(0x14e20000,0x14e70000)]
  0x02410800 JavaThread "Attach Listener" daemon [_thread_blocked, id=1532, stack(0x14d90000,0x14de0000)]
  0x023fec00 JavaThread "Signal Dispatcher" daemon [_thread_blocked, id=8244, stack(0x14d00000,0x14d50000)]
  0x023f5400 JavaThread "Finalizer" daemon [_thread_blocked, id=3840, stack(0x14c10000,0x14c60000)]
  0x02397400 JavaThread "Reference Handler" daemon [_thread_blocked, id=14540, stack(0x14b80000,0x14bd0000)]
=>0x0254e000 JavaThread "main" [_thread_in_native, id=8932, stack(0x00870000,0x008c0000)]

Other Threads:
  0x02394400 VMThread [stack: 0x14af0000,0x14b40000] [id=5868]
  0x14f4a800 WatcherThread [stack: 0x151d0000,0x15220000] [id=1812]

VM state:not at safepoint (normal execution)

VM Mutex/Monitor currently owned by a thread: None

Heap:
 def new generation   total 4928K, used 3451K [0x04600000, 0x04b50000, 0x09b50000)
  eden space 4416K,  78% used [0x04600000, 0x0495ecb0, 0x04a50000)
  from space 512K,   0% used [0x04a50000, 0x04a50000, 0x04ad0000)
  to   space 512K,   0% used [0x04ad0000, 0x04ad0000, 0x04b50000)
 tenured generation   total 10944K, used 0K [0x09b50000, 0x0a600000, 0x14600000)
   the space 10944K,   0% used [0x09b50000, 0x09b50000, 0x09b50200, 0x0a600000)
 Metaspace       used 535K, capacity 2440K, committed 2496K, reserved 4480K

Card table byte_map: [0x14600000,0x14690000] byte_map_base: 0x145dd000

Polling page: 0x001f0000

CodeCache: size=32768Kb used=850Kb max_used=850Kb free=31917Kb
 bounds [0x02550000, 0x02628000, 0x04550000]
 total_blobs=254 nmethods=89 adapters=96
 compilation: enabled

Compilation events (10 events):
Event: 17.159 Thread 0x02459800   85             java.util.Properties::getProperty (46 bytes)
Event: 17.159 Thread 0x02459800 nmethod 85 0x026236c8 code [0x026237e0, 0x02623918]
Event: 18.921 Thread 0x02459800   86             java.lang.ref.Reference::<init> (25 bytes)
Event: 18.921 Thread 0x02459800 nmethod 86 0x026239c8 code [0x02623ac0, 0x02623b70]
Event: 18.921 Thread 0x02459800   87             java.lang.System::checkKey (34 bytes)
Event: 18.921 Thread 0x02459800 nmethod 87 0x02623bc8 code [0x02623cf0, 0x02623e64]
Event: 18.921 Thread 0x02459800   88             java.lang.System::getProperty (25 bytes)
Event: 18.921 Thread 0x02459800 nmethod 88 0x02623f48 code [0x02624090, 0x0262425c]
Event: 19.731 Thread 0x02459800   89   !         com.sun.jna.Native::getBytes (22 bytes)
Event: 19.731 Thread 0x02459800 nmethod 89 0x026243c8 code [0x02624520, 0x02624708]

GC Heap History (0 events):
No events

Deoptimization events (0 events):
No events

Classes redefined (0 events):
No events

Internal exceptions (6 events):
Event: 1.336 Thread 0x0254e000 Exception <a 'java/lang/NoSuchMethodError': Method sun.misc.Unsafe.defineClass(Ljava/lang/String;[BII)Ljava/lang/Class; name or signature does not match> (0x046079e0) thrown at [C:\re\workspace\8-2-build-windows-i586-cygwin\jdk8u231\13620\hotspot\src\shar
Event: 1.336 Thread 0x0254e000 Exception <a 'java/lang/NoSuchMethodError': Method sun.misc.Unsafe.prefetchRead(Ljava/lang/Object;J)V name or signature does not match> (0x04607cb0) thrown at [C:\re\workspace\8-2-build-windows-i586-cygwin\jdk8u231\13620\hotspot\src\share\vm\prims\jni.cpp
Event: 4.864 Thread 0x0254e000 Exception <a 'java/security/PrivilegedActionException'> (0x0473ab28) thrown at [C:\re\workspace\8-2-build-windows-i586-cygwin\jdk8u231\13620\hotspot\src\share\vm\prims\jvm.cpp, line 1502]
Event: 4.864 Thread 0x0254e000 Exception <a 'java/security/PrivilegedActionException'> (0x0473ad28) thrown at [C:\re\workspace\8-2-build-windows-i586-cygwin\jdk8u231\13620\hotspot\src\share\vm\prims\jvm.cpp, line 1502]
Event: 4.864 Thread 0x0254e000 Exception <a 'java/security/PrivilegedActionException'> (0x0473d770) thrown at [C:\re\workspace\8-2-build-windows-i586-cygwin\jdk8u231\13620\hotspot\src\share\vm\prims\jvm.cpp, line 1502]
Event: 4.864 Thread 0x0254e000 Exception <a 'java/security/PrivilegedActionException'> (0x0473d970) thrown at [C:\re\workspace\8-2-build-windows-i586-cygwin\jdk8u231\13620\hotspot\src\share\vm\prims\jvm.cpp, line 1502]

Events (10 events):
Event: 7.452 loading class com/sun/jna/WString
Event: 7.452 loading class com/sun/jna/WString done
Event: 8.350 loading class com/sun/jna/Function$PostCallRead
Event: 8.350 loading class com/sun/jna/Function$PostCallRead done
Event: 8.350 loading class com/sun/jna/StringArray
Event: 8.350 loading class com/sun/jna/StringArray done
Event: 8.369 loading class com/sun/jna/Function$PointerArray
Event: 8.369 loading class com/sun/jna/Function$PointerArray done
Event: 8.448 Executing VM operation: EnableBiasedLocking
Event: 8.448 Executing VM operation: EnableBiasedLocking done


Dynamic libraries:
0x00440000 - 0x00473000 	D:\software\JAVA\jdk32_.8.0_231\bin\java.exe
0x77d90000 - 0x77f2a000 	C:\WINDOWS\SYSTEM32\ntdll.dll
0x76950000 - 0x76a30000 	C:\WINDOWS\System32\KERNEL32.DLL
0x76330000 - 0x7652f000 	C:\WINDOWS\System32\KERNELBASE.dll
0x752b0000 - 0x7534f000 	C:\WINDOWS\SYSTEM32\apphelp.dll
0x77860000 - 0x778d9000 	C:\WINDOWS\System32\ADVAPI32.dll
0x76590000 - 0x7664f000 	C:\WINDOWS\System32\msvcrt.dll
0x77710000 - 0x77786000 	C:\WINDOWS\System32\sechost.dll
0x777a0000 - 0x7785b000 	C:\WINDOWS\System32\RPCRT4.dll
0x75550000 - 0x75575000 	C:\WINDOWS\System32\SspiCli.dll
0x75540000 - 0x7554a000 	C:\WINDOWS\System32\CRYPTBASE.dll
0x76240000 - 0x7629f000 	C:\WINDOWS\System32\bcryptPrimitives.dll
0x76650000 - 0x767e7000 	C:\WINDOWS\System32\USER32.dll
0x77bd0000 - 0x77be7000 	C:\WINDOWS\System32\win32u.dll
0x77cc0000 - 0x77ce1000 	C:\WINDOWS\System32\GDI32.dll
0x75910000 - 0x75a6c000 	C:\WINDOWS\System32\gdi32full.dll
0x761c0000 - 0x7623c000 	C:\WINDOWS\System32\msvcp_win.dll
0x775d0000 - 0x776f0000 	C:\WINDOWS\System32\ucrtbase.dll
0x74d20000 - 0x74f2f000 	C:\WINDOWS\WinSxS\x86_microsoft.windows.common-controls_6595b64144ccf1df_6.0.18362.1139_none_e62929aaf8dc83cc\COMCTL32.dll
0x77950000 - 0x77bc5000 	C:\WINDOWS\System32\combase.dll
0x76a40000 - 0x76a65000 	C:\WINDOWS\System32\IMM32.DLL
0x7cad0000 - 0x7cb8f000 	D:\software\JAVA\jdk32_.8.0_231\jre\bin\msvcr100.dll
0x78c30000 - 0x79006000 	D:\software\JAVA\jdk32_.8.0_231\jre\bin\client\jvm.dll
0x75800000 - 0x75806000 	C:\WINDOWS\System32\PSAPI.DLL
0x737d0000 - 0x737d8000 	C:\WINDOWS\SYSTEM32\WSOCK32.dll
0x74480000 - 0x744a4000 	C:\WINDOWS\SYSTEM32\WINMM.dll
0x74c60000 - 0x74c68000 	C:\WINDOWS\SYSTEM32\VERSION.dll
0x74450000 - 0x74473000 	C:\WINDOWS\SYSTEM32\WINMMBASE.dll
0x77cf0000 - 0x77d2b000 	C:\WINDOWS\System32\cfgmgr32.dll
0x767f0000 - 0x7684e000 	C:\WINDOWS\System32\WS2_32.dll
0x6ef20000 - 0x6ef2c000 	D:\software\JAVA\jdk32_.8.0_231\jre\bin\verify.dll
0x6eef0000 - 0x6ef11000 	D:\software\JAVA\jdk32_.8.0_231\jre\bin\java.dll
0x6eed0000 - 0x6eef0000 	D:\software\JAVA\jdk32_.8.0_231\jre\bin\instrument.dll
0x5fd80000 - 0x5fd94000 	D:\software\JAVA\jdk32_.8.0_231\jre\bin\zip.dll
0x76a70000 - 0x76fea000 	C:\WINDOWS\System32\SHELL32.dll
0x762a0000 - 0x76324000 	C:\WINDOWS\System32\shcore.dll
0x76ff0000 - 0x775b1000 	C:\WINDOWS\System32\windows.storage.dll
0x778e0000 - 0x778fb000 	C:\WINDOWS\System32\profapi.dll
0x77900000 - 0x77943000 	C:\WINDOWS\System32\powrprof.dll
0x76a30000 - 0x76a3d000 	C:\WINDOWS\System32\UMPDC.dll
0x75d20000 - 0x75d64000 	C:\WINDOWS\System32\shlwapi.dll
0x775c0000 - 0x775cf000 	C:\WINDOWS\System32\kernel.appcore.dll
0x77bf0000 - 0x77c03000 	C:\WINDOWS\System32\cryptsp.dll
0x7a710000 - 0x7a726000 	D:\Program Files\JetBrains\IntelliJ IDEA 2020.1\bin\breakgen.dll
0x79010000 - 0x79026000 	D:\software\JAVA\jdk32_.8.0_231\jre\bin\net.dll
0x73660000 - 0x736b2000 	C:\WINDOWS\system32\mswsock.dll
0x71570000 - 0x7159f000 	C:\WINDOWS\system32\rsaenh.dll
0x776f0000 - 0x77709000 	C:\WINDOWS\System32\bcrypt.dll
0x74fc0000 - 0x74fde000 	C:\WINDOWS\SYSTEM32\USERENV.dll
0x75350000 - 0x75382000 	C:\WINDOWS\SYSTEM32\IPHLPAPI.DLL
0x75790000 - 0x75797000 	C:\WINDOWS\System32\NSI.dll
0x72e50000 - 0x72e63000 	C:\WINDOWS\SYSTEM32\dhcpcsvc6.DLL
0x72e70000 - 0x72e85000 	C:\WINDOWS\SYSTEM32\dhcpcsvc.DLL
0x73070000 - 0x73104000 	C:\WINDOWS\SYSTEM32\DNSAPI.dll
0x79190000 - 0x7919f000 	D:\software\JAVA\jdk32_.8.0_231\jre\bin\nio.dll
0x15220000 - 0x15272000 	C:\Users\zaixz\AppData\Local\Temp\jna1624384542024794187.tmp
0x7a730000 - 0x7a743000 	D:\software\JAVA\jdk32_.8.0_231\bin\PACKDLL2.dll
0x76850000 - 0x76947000 	C:\WINDOWS\System32\ole32.dll
0x756f0000 - 0x75782000 	C:\WINDOWS\System32\OLEAUT32.dll
0x702d0000 - 0x702e4000 	C:\WINDOWS\SYSTEM32\VCRUNTIME140.dll
0x700a0000 - 0x7010f000 	C:\WINDOWS\SYSTEM32\MSVCP140.dll
0x72ce0000 - 0x72d5a000 	C:\WINDOWS\system32\uxtheme.dll
0x75610000 - 0x75690000 	C:\WINDOWS\System32\clbcatq.dll
0x15ac0000 - 0x15ad2000 	C:\WINDOWS\System32\opccomn_ps.dll
0x7a750000 - 0x7a8a4000 	C:\Windows\System32\comsvcs.dll
0x15ae0000 - 0x15afc000 	C:\WINDOWS\System32\opcproxy.dll
0x74fe0000 - 0x7516f000 	C:\WINDOWS\SYSTEM32\dbghelp.dll

VM Arguments:
jvm_args: -Djava.library.path=E:\2020project\OTT\src\main\java\ -javaagent:D:\Program Files\JetBrains\IntelliJ IDEA 2020.1\lib\idea_rt.jar=60655:D:\Program Files\JetBrains\IntelliJ IDEA 2020.1\bin -Dfile.encoding=UTF-8 
java_command: Test
java_class_path (initial): D:\software\JAVA\jdk32_.8.0_231\jre\lib\charsets.jar;D:\software\JAVA\jdk32_.8.0_231\jre\lib\deploy.jar;D:\software\JAVA\jdk32_.8.0_231\jre\lib\ext\access-bridge-32.jar;D:\software\JAVA\jdk32_.8.0_231\jre\lib\ext\cldrdata.jar;D:\software\JAVA\jdk32_.8.0_231\jre\lib\ext\dnsns.jar;D:\software\JAVA\jdk32_.8.0_231\jre\lib\ext\jaccess.jar;D:\software\JAVA\jdk32_.8.0_231\jre\lib\ext\jfxrt.jar;D:\software\JAVA\jdk32_.8.0_231\jre\lib\ext\localedata.jar;D:\software\JAVA\jdk32_.8.0_231\jre\lib\ext\nashorn.jar;D:\software\JAVA\jdk32_.8.0_231\jre\lib\ext\sunec.jar;D:\software\JAVA\jdk32_.8.0_231\jre\lib\ext\sunjce_provider.jar;D:\software\JAVA\jdk32_.8.0_231\jre\lib\ext\sunmscapi.jar;D:\software\JAVA\jdk32_.8.0_231\jre\lib\ext\sunpkcs11.jar;D:\software\JAVA\jdk32_.8.0_231\jre\lib\ext\zipfs.jar;D:\software\JAVA\jdk32_.8.0_231\jre\lib\javaws.jar;D:\software\JAVA\jdk32_.8.0_231\jre\lib\jce.jar;D:\software\JAVA\jdk32_.8.0_231\jre\lib\jfr.jar;D:\software\JAVA\jdk32_.8.0_231\jre\lib\jfxswt.jar;D:\software\JAVA\jdk32_.8.0_231\jre\lib\jsse.jar;D:\software\JAVA\jdk32_.8.0_231\jre\lib\management-agent.jar;D:\software\JAVA\jdk32_.8.0_231\jre\lib\plugin.jar;D:\software\JAVA\jdk32_.8.0_231\jre\lib\resources.jar;D:\software\JAVA\jdk32_.8.0_231\jre\lib\rt.jar;E:\2020project\OTT\target\classes;C:\Users\zaixz\.m2\repository\com\sun\jna\jna\3.0.9\jna-3.0.9.jar;D:\Program Files\JetBrains\IntelliJ IDEA 2020.1\lib\idea_rt.jar
Launcher Type: SUN_STANDARD

Environment Variables:
JAVA_HOME=D:\software\JAVA\jdk-9.0.1
JRE_HOME=D:\software\JAVA\jre-9.0.1
CLASSPATH=.;d:\360downloads\software\lib\sound.jar;d:\360downloads\software\lib\jmf.jar;d:\360downloads\software\lib;
PATH=D:\Program Files\opencv\build\x64\vc14\bin;D:\Python\Scripts\;D:\Python\;D:\software\JAVA\jre-9.0.1\bin;D:\software\JAVA\jdk-9.0.1\bin;C:\apache-tomcat-9.0.8-windows-x64\apache-tomcat-9.0.8\bin;C:\ProgramData\Oracle\Java\javapath;E:\android_KIT\activeMQ_Service\apache-activemq-5.15.3-bin (1)\apache-activemq-5.15.3\bin\win64;D:\Program Files\Android\Android Studio\jre\bin;C:\apache-maven-3.6.0\bin;C:\instantclient_12_2;C:\xampp\php\ext;C:\xampp\php;C:\WINDOWS\system32;C:\WINDOWS;C:\WINDOWS\System32\Wbem;C:\WINDOWS\System32\WindowsPowerShell\v1.0\;.;D:\Program Files\MATLAB\R2017b\runtime\win64;C:\Program Files (x86)\Common Files\Oracle\Java\javapath;D:\Program Files\MATLAB\R2017b\bin;C:\Program Files\Git\cmd;C:\Users\zaixz\AppData\Local\Android\Sdk\platform-tools;C:\Program Files\dotnet\;C:\Program Files\Microsoft SQL Server\130\Tools\Binn\;C:\WINDOWS\System32\OpenSSH\;D:\software\Oralce\instantclient_11_2_X64;C:\Program Files\Microsoft SQL Server\110\Tools\Binn\;C:\Program Files (x86)\Windows Kits\8.1\Windows Performance Toolkit\;C:\Redis-x64-3.2.100\;C:\Users\zaixz\AppData\Local\Microsoft\WindowsApps;D:\Program Files (x86)\Microsoft VS Code\bin;D:\Program Files\Bandizip\;
USERNAME=zaixz
OS=Windows_NT
PROCESSOR_IDENTIFIER=Intel64 Family 6 Model 94 Stepping 3, GenuineIntel



---------------  S Y S T E M  ---------------

OS: Windows 10.0 , 64 bit Build 18362 (10.0.18362.1110)

CPU:total 2 (initial active 2) (2 cores per cpu, 1 threads per core) family 6 model 94 stepping 3, cmov, cx8, fxsr, mmx, sse, sse2, sse3, ssse3, sse4.1, sse4.2, popcnt, aes, clmul, erms, 3dnowpref, lzcnt, tsc, tscinvbit

Memory: 4k page, physical 8296440k(1440052k free), swap 12490744k(2627492k free)

vm_info: Java HotSpot(TM) Client VM (25.231-b11) for windows-x86 JRE (1.8.0_231-b11), built on Oct  5 2019 03:23:31 by "java_re" with MS VC++ 10.0 (VS2010)

time: Sat Nov 21 15:28:48 2020
timezone: 中国标准时间
elapsed time: 19 seconds (0d 0h 0m 19s)

