#
# A fatal error has been detected by the Java Runtime Environment:
#
#  EXCEPTION_ACCESS_VIOLATION (0xc0000005) at pc=0x76619c9c, pid=17324, tid=0x0000413c
#
# JRE version: Java(TM) SE Runtime Environment (8.0_231-b11) (build 1.8.0_231-b11)
# Java VM: Java HotSpot(TM) Client VM (25.231-b11 mixed mode windows-x86 )
# Problematic frame:
# C  [msvcrt.dll+0x89c9c]
#
# Failed to write core dump. Minidumps are not enabled by default on client versions of Windows
#
# If you would like to submit a bug report, please visit:
#   http://bugreport.java.com/bugreport/crash.jsp
# The crash happened outside the Java Virtual Machine in native code.
# See problematic frame for where to report the bug.
#

---------------  T H R E A D  ---------------

Current thread (0x00b6e400):  JavaThread "main" [_thread_in_native, id=16700, stack(0x00b70000,0x00bc0000)]

siginfo: ExceptionCode=0xc0000005, reading address 0x00000001

Registers:
EAX=0x00000001, EBX=0x14a46030, ECX=0x00000001, EDX=0x00000000
ESP=0x00bbf39c, EBP=0x00bbf488, ESI=0x14a46030, EDI=0x00b6e400
EIP=0x76619c9c, EFLAGS=0x00010202

Top of Stack: (sp=0x00bbf39c)
0x00bbf39c:   1582651f 00000001 00bbf490 7a4d36af
0x00bbf3ac:   14c97080 14813fb0 7a4bffe3 00b6e400
0x00bbf3bc:   00b6e400 00000000 00bbf450 7a4d365f
0x00bbf3cc:   00000000 14c97080 7a4bfc7d 00b6e400
0x00bbf3dc:   00b6e400 14a46030 14804508 00b6e400
0x00bbf3ec:   00bbf43c 7a41fe93 00b6e400 00b6e400
0x00bbf3fc:   00b6df58 00bbf48c 7a4d365f 14a45fd0
0x00bbf40c:   14c97080 7a4bfc7d 00b6e400 00b6e400 

Instructions: (pc=0x76619c9c)
0x76619c7c:   73 ee 8b c1 83 c4 20 5e c9 c3 cc cc cc cc cc cc
0x76619c8c:   cc cc cc cc 8b 4c 24 04 f7 c1 03 00 00 00 74 24
0x76619c9c:   8a 01 83 c1 01 84 c0 74 4e f7 c1 03 00 00 00 75
0x76619cac:   ef 05 00 00 00 00 8d a4 24 00 00 00 00 8d a4 24 


Register to memory mapping:

EAX=0x00000001 is an unknown value
EBX={method} {0x14a46034} '_getString' '(JZ)Ljava/lang/String;' in 'com/sun/jna/Pointer'
ECX=0x00000001 is an unknown value
EDX=0x00000000 is an unknown value
ESP=0x00bbf39c is pointing into the stack for thread: 0x00b6e400
EBP=0x00bbf488 is pointing into the stack for thread: 0x00b6e400
ESI={method} {0x14a46034} '_getString' '(JZ)Ljava/lang/String;' in 'com/sun/jna/Pointer'
EDI=0x00b6e400 is a thread


Stack: [0x00b70000,0x00bc0000],  sp=0x00bbf39c,  free space=316k
Native frames: (J=compiled Java code, j=interpreted, Vv=VM code, C=native code)
C  [msvcrt.dll+0x89c9c]
C  [jna6829688251017003858.tmp+0x5806]
j  com.sun.jna.Pointer._getString(JZ)Ljava/lang/String;+0
j  com.sun.jna.Pointer.getString(JZ)Ljava/lang/String;+7
j  com.sun.jna.Pointer.getString(J)Ljava/lang/String;+90
j  com.sun.jna.Function.invokeString(I[Ljava/lang/Object;Z)Ljava/lang/String;+35
j  com.sun.jna.Function.invoke([Ljava/lang/Object;Ljava/lang/Class;)Ljava/lang/Object;+507
j  com.sun.jna.Function.invoke(Ljava/lang/Class;[Ljava/lang/Object;Ljava/util/Map;)Ljava/lang/Object;+194
j  com.sun.jna.Library$Handler.invoke(Ljava/lang/Object;Ljava/lang/reflect/Method;[Ljava/lang/Object;)Ljava/lang/Object;+344
j  com.sun.proxy.$Proxy0.READNUM(Lcom/sun/jna/Pointer;[Ljava/lang/String;I)Ljava/lang/String;+27
j  Test.main([Ljava/lang/String;)V+252
v  ~StubRoutines::call_stub
V  [jvm.dll+0x15c3d5]
V  [jvm.dll+0x2260ae]
V  [jvm.dll+0x15c46e]
V  [jvm.dll+0xdda67]
V  [jvm.dll+0xe600f]
C  [java.exe+0x2363]
C  [java.exe+0xb03f]
C  [java.exe+0xb0c9]
C  [KERNEL32.DLL+0x16359]
C  [ntdll.dll+0x67c24]
C  [ntdll.dll+0x67bf4]
C  0x00000000

Java frames: (J=compiled Java code, j=interpreted, Vv=VM code)
j  com.sun.jna.Pointer._getString(JZ)Ljava/lang/String;+0
j  com.sun.jna.Pointer.getString(JZ)Ljava/lang/String;+7
j  com.sun.jna.Pointer.getString(J)Ljava/lang/String;+90
j  com.sun.jna.Function.invokeString(I[Ljava/lang/Object;Z)Ljava/lang/String;+35
j  com.sun.jna.Function.invoke([Ljava/lang/Object;Ljava/lang/Class;)Ljava/lang/Object;+507
j  com.sun.jna.Function.invoke(Ljava/lang/Class;[Ljava/lang/Object;Ljava/util/Map;)Ljava/lang/Object;+194
j  com.sun.jna.Library$Handler.invoke(Ljava/lang/Object;Ljava/lang/reflect/Method;[Ljava/lang/Object;)Ljava/lang/Object;+344
j  com.sun.proxy.$Proxy0.READNUM(Lcom/sun/jna/Pointer;[Ljava/lang/String;I)Ljava/lang/String;+27
j  Test.main([Ljava/lang/String;)V+252
v  ~StubRoutines::call_stub

---------------  P R O C E S S  ---------------

Java Threads: ( => current thread )
  0x14d35c00 JavaThread "Service Thread" daemon [_thread_blocked, id=8096, stack(0x15340000,0x15390000)]
  0x14d3c800 JavaThread "C1 CompilerThread0" daemon [_thread_blocked, id=12388, stack(0x152b0000,0x15300000)]
  0x14cd7800 JavaThread "JDWP Command Reader" daemon [_thread_in_native, id=15916, stack(0x15220000,0x15270000)]
  0x14cd4c00 JavaThread "JDWP Event Helper Thread" daemon [_thread_blocked, id=5700, stack(0x15190000,0x151e0000)]
  0x14cd2c00 JavaThread "JDWP Transport Listener: dt_socket" daemon [_thread_blocked, id=16512, stack(0x15100000,0x15150000)]
  0x14cc4000 JavaThread "Attach Listener" daemon [_thread_blocked, id=16692, stack(0x15070000,0x150c0000)]
  0x14c99000 JavaThread "Signal Dispatcher" daemon [_thread_blocked, id=16924, stack(0x14fe0000,0x15030000)]
  0x14c79c00 JavaThread "Finalizer" daemon [_thread_blocked, id=14588, stack(0x14ef0000,0x14f40000)]
  0x14c77800 JavaThread "Reference Handler" daemon [_thread_blocked, id=16880, stack(0x14e60000,0x14eb0000)]
=>0x00b6e400 JavaThread "main" [_thread_in_native, id=16700, stack(0x00b70000,0x00bc0000)]

Other Threads:
  0x14c60400 VMThread [stack: 0x04760000,0x047b0000] [id=16796]
  0x14d89000 WatcherThread [stack: 0x153d0000,0x15420000] [id=17364]

VM state:not at safepoint (normal execution)

VM Mutex/Monitor currently owned by a thread: None

Heap:
 def new generation   total 4928K, used 1643K [0x04800000, 0x04d50000, 0x09d50000)
  eden space 4416K,  25% used [0x04800000, 0x0491ad60, 0x04c50000)
  from space 512K, 100% used [0x04cd0000, 0x04d50000, 0x04d50000)
  to   space 512K,   0% used [0x04c50000, 0x04c50000, 0x04cd0000)
 tenured generation   total 10944K, used 357K [0x09d50000, 0x0a800000, 0x14800000)
   the space 10944K,   3% used [0x09d50000, 0x09da9518, 0x09da9600, 0x0a800000)
 Metaspace       used 2945K, capacity 2986K, committed 3008K, reserved 4480K

Card table byte_map: [0x046d0000,0x04760000] byte_map_base: 0x046ac000

Polling page: 0x00b20000

CodeCache: size=32768Kb used=833Kb max_used=833Kb free=31934Kb
 bounds [0x026d0000, 0x027a8000, 0x046d0000]
 total_blobs=221 nmethods=70 adapters=91
 compilation: enabled

Compilation events (10 events):
Event: 3.713 Thread 0x14d3c800   66             java.util.ArrayList::rangeCheck (22 bytes)
Event: 3.713 Thread 0x14d3c800 nmethod 66 0x0279ef08 code [0x0279f060, 0x0279f308]
Event: 3.713 Thread 0x14d3c800   67             java.util.ArrayList::elementData (7 bytes)
Event: 3.713 Thread 0x14d3c800 nmethod 67 0x0279f608 code [0x0279f700, 0x0279f7a0]
Event: 3.714 Thread 0x14d3c800   68             sun.misc.URLClassPath::getResource (83 bytes)
Event: 3.714 Thread 0x14d3c800 nmethod 68 0x0279f848 code [0x0279f970, 0x0279faa4]
Event: 3.714 Thread 0x14d3c800   69   !         sun.misc.URLClassPath$JarLoader::getResource (85 bytes)
Event: 3.715 Thread 0x14d3c800 nmethod 69 0x0279fb88 code [0x0279fcf0, 0x0279ffe8]
Event: 3.725 Thread 0x14d3c800   70             java.util.Arrays::copyOf (19 bytes)
Event: 3.725 Thread 0x14d3c800 nmethod 70 0x027a02c8 code [0x027a03d0, 0x027a053c]

GC Heap History (2 events):
Event: 3.530 GC heap before
{Heap before GC invocations=0 (full 0):
 def new generation   total 4928K, used 4409K [0x04800000, 0x04d50000, 0x09d50000)
  eden space 4416K,  99% used [0x04800000, 0x04c4e668, 0x04c50000)
  from space 512K,   0% used [0x04c50000, 0x04c50000, 0x04cd0000)
  to   space 512K,   0% used [0x04cd0000, 0x04cd0000, 0x04d50000)
 tenured generation   total 10944K, used 0K [0x09d50000, 0x0a800000, 0x14800000)
   the space 10944K,   0% used [0x09d50000, 0x09d50000, 0x09d50200, 0x0a800000)
 Metaspace       used 2735K, capacity 2794K, committed 2880K, reserved 4480K
Event: 3.532 GC heap after
Heap after GC invocations=1 (full 0):
 def new generation   total 4928K, used 512K [0x04800000, 0x04d50000, 0x09d50000)
  eden space 4416K,   0% used [0x04800000, 0x04800000, 0x04c50000)
  from space 512K, 100% used [0x04cd0000, 0x04d50000, 0x04d50000)
  to   space 512K,   0% used [0x04c50000, 0x04c50000, 0x04cd0000)
 tenured generation   total 10944K, used 357K [0x09d50000, 0x0a800000, 0x14800000)
   the space 10944K,   3% used [0x09d50000, 0x09da9518, 0x09da9600, 0x0a800000)
 Metaspace       used 2735K, capacity 2794K, committed 2880K, reserved 4480K
}

Deoptimization events (0 events):
No events

Classes redefined (0 events):
No events

Internal exceptions (6 events):
Event: 0.104 Thread 0x00b6e400 Exception <a 'java/lang/NoSuchMethodError': Method sun.misc.Unsafe.defineClass(Ljava/lang/String;[BII)Ljava/lang/Class; name or signature does not match> (0x04806eb0) thrown at [C:\re\workspace\8-2-build-windows-i586-cygwin\jdk8u231\13620\hotspot\src\shar
Event: 0.104 Thread 0x00b6e400 Exception <a 'java/lang/NoSuchMethodError': Method sun.misc.Unsafe.prefetchRead(Ljava/lang/Object;J)V name or signature does not match> (0x04807180) thrown at [C:\re\workspace\8-2-build-windows-i586-cygwin\jdk8u231\13620\hotspot\src\share\vm\prims\jni.cpp
Event: 2.854 Thread 0x00b6e400 Exception <a 'java/security/PrivilegedActionException'> (0x04a79d88) thrown at [C:\re\workspace\8-2-build-windows-i586-cygwin\jdk8u231\13620\hotspot\src\share\vm\prims\jvm.cpp, line 1502]
Event: 2.854 Thread 0x00b6e400 Exception <a 'java/security/PrivilegedActionException'> (0x04a79f88) thrown at [C:\re\workspace\8-2-build-windows-i586-cygwin\jdk8u231\13620\hotspot\src\share\vm\prims\jvm.cpp, line 1502]
Event: 2.863 Thread 0x00b6e400 Exception <a 'java/security/PrivilegedActionException'> (0x04a92b40) thrown at [C:\re\workspace\8-2-build-windows-i586-cygwin\jdk8u231\13620\hotspot\src\share\vm\prims\jvm.cpp, line 1502]
Event: 2.863 Thread 0x00b6e400 Exception <a 'java/security/PrivilegedActionException'> (0x04a92d40) thrown at [C:\re\workspace\8-2-build-windows-i586-cygwin\jdk8u231\13620\hotspot\src\share\vm\prims\jvm.cpp, line 1502]

Events (10 events):
Event: 144.155 Executing VM operation: GetOrSetLocal
Event: 144.155 Executing VM operation: GetOrSetLocal done
Event: 158.712 Executing VM operation: EnterInterpOnlyMode
Event: 158.712 Executing VM operation: EnterInterpOnlyMode done
Event: 158.712 Executing VM operation: GetCurrentLocation
Event: 158.712 Executing VM operation: GetCurrentLocation done
Event: 158.712 Executing VM operation: ChangeSingleStep
Event: 158.712 Executing VM operation: ChangeSingleStep done
Event: 158.713 Executing VM operation: ChangeSingleStep
Event: 158.713 Executing VM operation: ChangeSingleStep done


Dynamic libraries:
0x00d20000 - 0x00d53000 	D:\software\JAVA\jdk32_.8.0_231\bin\java.exe
0x77d90000 - 0x77f2a000 	C:\WINDOWS\SYSTEM32\ntdll.dll
0x76950000 - 0x76a30000 	C:\WINDOWS\System32\KERNEL32.DLL
0x76330000 - 0x7652f000 	C:\WINDOWS\System32\KERNELBASE.dll
0x752b0000 - 0x7534f000 	C:\WINDOWS\SYSTEM32\apphelp.dll
0x77860000 - 0x778d9000 	C:\WINDOWS\System32\ADVAPI32.dll
0x76590000 - 0x7664f000 	C:\WINDOWS\System32\msvcrt.dll
0x77710000 - 0x77786000 	C:\WINDOWS\System32\sechost.dll
0x777a0000 - 0x7785b000 	C:\WINDOWS\System32\RPCRT4.dll
0x75550000 - 0x75575000 	C:\WINDOWS\System32\SspiCli.dll
0x75540000 - 0x7554a000 	C:\WINDOWS\System32\CRYPTBASE.dll
0x76240000 - 0x7629f000 	C:\WINDOWS\System32\bcryptPrimitives.dll
0x76650000 - 0x767e7000 	C:\WINDOWS\System32\USER32.dll
0x77bd0000 - 0x77be7000 	C:\WINDOWS\System32\win32u.dll
0x77cc0000 - 0x77ce1000 	C:\WINDOWS\System32\GDI32.dll
0x75910000 - 0x75a6c000 	C:\WINDOWS\System32\gdi32full.dll
0x761c0000 - 0x7623c000 	C:\WINDOWS\System32\msvcp_win.dll
0x775d0000 - 0x776f0000 	C:\WINDOWS\System32\ucrtbase.dll
0x74d20000 - 0x74f2f000 	C:\WINDOWS\WinSxS\x86_microsoft.windows.common-controls_6595b64144ccf1df_6.0.18362.1139_none_e62929aaf8dc83cc\COMCTL32.dll
0x77950000 - 0x77bc5000 	C:\WINDOWS\System32\combase.dll
0x76a40000 - 0x76a65000 	C:\WINDOWS\System32\IMM32.DLL
0x7a780000 - 0x7a83f000 	D:\software\JAVA\jdk32_.8.0_231\jre\bin\msvcr100.dll
0x7a3a0000 - 0x7a776000 	D:\software\JAVA\jdk32_.8.0_231\jre\bin\client\jvm.dll
0x75800000 - 0x75806000 	C:\WINDOWS\System32\PSAPI.DLL
0x737d0000 - 0x737d8000 	C:\WINDOWS\SYSTEM32\WSOCK32.dll
0x767f0000 - 0x7684e000 	C:\WINDOWS\System32\WS2_32.dll
0x74480000 - 0x744a4000 	C:\WINDOWS\SYSTEM32\WINMM.dll
0x74c60000 - 0x74c68000 	C:\WINDOWS\SYSTEM32\VERSION.dll
0x74450000 - 0x74473000 	C:\WINDOWS\SYSTEM32\WINMMBASE.dll
0x77cf0000 - 0x77d2b000 	C:\WINDOWS\System32\cfgmgr32.dll
0x6eef0000 - 0x6eefc000 	D:\software\JAVA\jdk32_.8.0_231\jre\bin\verify.dll
0x7a320000 - 0x7a341000 	D:\software\JAVA\jdk32_.8.0_231\jre\bin\java.dll
0x7bdb0000 - 0x7bddb000 	D:\software\JAVA\jdk32_.8.0_231\jre\bin\jdwp.dll
0x5eaf0000 - 0x5eaf7000 	D:\software\JAVA\jdk32_.8.0_231\jre\bin\npt.dll
0x7bde0000 - 0x7be00000 	D:\software\JAVA\jdk32_.8.0_231\jre\bin\instrument.dll
0x6eed0000 - 0x6eee4000 	D:\software\JAVA\jdk32_.8.0_231\jre\bin\zip.dll
0x76a70000 - 0x76fea000 	C:\WINDOWS\System32\SHELL32.dll
0x762a0000 - 0x76324000 	C:\WINDOWS\System32\shcore.dll
0x76ff0000 - 0x775b1000 	C:\WINDOWS\System32\windows.storage.dll
0x778e0000 - 0x778fb000 	C:\WINDOWS\System32\profapi.dll
0x77900000 - 0x77943000 	C:\WINDOWS\System32\powrprof.dll
0x76a30000 - 0x76a3d000 	C:\WINDOWS\System32\UMPDC.dll
0x75d20000 - 0x75d64000 	C:\WINDOWS\System32\shlwapi.dll
0x775c0000 - 0x775cf000 	C:\WINDOWS\System32\kernel.appcore.dll
0x77bf0000 - 0x77c03000 	C:\WINDOWS\System32\cryptsp.dll
0x5eae0000 - 0x5eae8000 	D:\software\JAVA\jdk32_.8.0_231\jre\bin\dt_socket.dll
0x73660000 - 0x736b2000 	C:\WINDOWS\system32\mswsock.dll
0x71570000 - 0x7159f000 	C:\WINDOWS\system32\rsaenh.dll
0x776f0000 - 0x77709000 	C:\WINDOWS\System32\bcrypt.dll
0x74fc0000 - 0x74fde000 	C:\WINDOWS\SYSTEM32\USERENV.dll
0x7a350000 - 0x7a366000 	D:\software\JAVA\jdk32_.8.0_231\jre\bin\net.dll
0x75350000 - 0x75382000 	C:\WINDOWS\SYSTEM32\IPHLPAPI.DLL
0x75790000 - 0x75797000 	C:\WINDOWS\System32\NSI.dll
0x72e50000 - 0x72e63000 	C:\WINDOWS\SYSTEM32\dhcpcsvc6.DLL
0x72e70000 - 0x72e85000 	C:\WINDOWS\SYSTEM32\dhcpcsvc.DLL
0x73070000 - 0x73104000 	C:\WINDOWS\SYSTEM32\DNSAPI.dll
0x7a370000 - 0x7a37f000 	D:\software\JAVA\jdk32_.8.0_231\jre\bin\nio.dll
0x15820000 - 0x15872000 	C:\Users\zaixz\AppData\Local\Temp\jna6829688251017003858.tmp
0x7be00000 - 0x7be17000 	D:\software\JAVA\jdk32_.8.0_231\bin\PACKDLL2.dll
0x76850000 - 0x76947000 	C:\WINDOWS\System32\ole32.dll
0x756f0000 - 0x75782000 	C:\WINDOWS\System32\OLEAUT32.dll
0x700a0000 - 0x7010f000 	C:\WINDOWS\SYSTEM32\MSVCP140.dll
0x702d0000 - 0x702e4000 	C:\WINDOWS\SYSTEM32\VCRUNTIME140.dll
0x72ce0000 - 0x72d5a000 	C:\WINDOWS\system32\uxtheme.dll
0x75610000 - 0x75690000 	C:\WINDOWS\System32\clbcatq.dll
0x15aa0000 - 0x15ab2000 	C:\WINDOWS\System32\opccomn_ps.dll
0x15b20000 - 0x15c74000 	C:\Windows\System32\comsvcs.dll
0x15ac0000 - 0x15adc000 	C:\WINDOWS\System32\opcproxy.dll
0x74fe0000 - 0x7516f000 	C:\WINDOWS\SYSTEM32\dbghelp.dll

VM Arguments:
jvm_args: -agentlib:jdwp=transport=dt_socket,address=127.0.0.1:62185,suspend=y,server=n -Djava.library.path=E:\2020project\OTT\src\main\java\ -javaagent:C:\Users\zaixz\AppData\Local\JetBrains\IntelliJIdea2020.1\captureAgent\debugger-agent.jar -Dfile.encoding=UTF-8 
java_command: Test
java_class_path (initial): D:\software\JAVA\jdk32_.8.0_231\jre\lib\charsets.jar;D:\software\JAVA\jdk32_.8.0_231\jre\lib\deploy.jar;D:\software\JAVA\jdk32_.8.0_231\jre\lib\ext\access-bridge-32.jar;D:\software\JAVA\jdk32_.8.0_231\jre\lib\ext\cldrdata.jar;D:\software\JAVA\jdk32_.8.0_231\jre\lib\ext\dnsns.jar;D:\software\JAVA\jdk32_.8.0_231\jre\lib\ext\jaccess.jar;D:\software\JAVA\jdk32_.8.0_231\jre\lib\ext\jfxrt.jar;D:\software\JAVA\jdk32_.8.0_231\jre\lib\ext\localedata.jar;D:\software\JAVA\jdk32_.8.0_231\jre\lib\ext\nashorn.jar;D:\software\JAVA\jdk32_.8.0_231\jre\lib\ext\sunec.jar;D:\software\JAVA\jdk32_.8.0_231\jre\lib\ext\sunjce_provider.jar;D:\software\JAVA\jdk32_.8.0_231\jre\lib\ext\sunmscapi.jar;D:\software\JAVA\jdk32_.8.0_231\jre\lib\ext\sunpkcs11.jar;D:\software\JAVA\jdk32_.8.0_231\jre\lib\ext\zipfs.jar;D:\software\JAVA\jdk32_.8.0_231\jre\lib\javaws.jar;D:\software\JAVA\jdk32_.8.0_231\jre\lib\jce.jar;D:\software\JAVA\jdk32_.8.0_231\jre\lib\jfr.jar;D:\software\JAVA\jdk32_.8.0_231\jre\lib\jfxswt.jar;D:\software\JAVA\jdk32_.8.0_231\jre\lib\jsse.jar;D:\software\JAVA\jdk32_.8.0_231\jre\lib\management-agent.jar;D:\software\JAVA\jdk32_.8.0_231\jre\lib\plugin.jar;D:\software\JAVA\jdk32_.8.0_231\jre\lib\resources.jar;D:\software\JAVA\jdk32_.8.0_231\jre\lib\rt.jar;E:\2020project\OTT\target\classes;C:\Users\zaixz\.m2\repository\com\sun\jna\jna\3.0.9\jna-3.0.9.jar;C:\Users\zaixz\.m2\repository\com\alibaba\fastjson\1.2.38\fastjson-1.2.38.jar;D:\Program Files\JetBrains\IntelliJ IDEA 2020.1\lib\idea_rt.jar;C:\Users\zaixz\AppData\Local\JetBrains\IntelliJIdea2020.1\captureAgent\debugger-agent.jar
Launcher Type: SUN_STANDARD

Environment Variables:
JAVA_HOME=D:\software\JAVA\jdk-9.0.1
JRE_HOME=D:\software\JAVA\jre-9.0.1
CLASSPATH=.;d:\360downloads\software\lib\sound.jar;d:\360downloads\software\lib\jmf.jar;d:\360downloads\software\lib;
PATH=D:\Program Files\opencv\build\x64\vc14\bin;D:\Python\Scripts\;D:\Python\;D:\software\JAVA\jre-9.0.1\bin;D:\software\JAVA\jdk-9.0.1\bin;C:\apache-tomcat-9.0.8-windows-x64\apache-tomcat-9.0.8\bin;C:\ProgramData\Oracle\Java\javapath;E:\android_KIT\activeMQ_Service\apache-activemq-5.15.3-bin (1)\apache-activemq-5.15.3\bin\win64;D:\Program Files\Android\Android Studio\jre\bin;C:\apache-maven-3.6.0\bin;C:\instantclient_12_2;C:\xampp\php\ext;C:\xampp\php;C:\WINDOWS\system32;C:\WINDOWS;C:\WINDOWS\System32\Wbem;C:\WINDOWS\System32\WindowsPowerShell\v1.0\;.;D:\Program Files\MATLAB\R2017b\runtime\win64;C:\Program Files (x86)\Common Files\Oracle\Java\javapath;D:\Program Files\MATLAB\R2017b\bin;C:\Program Files\Git\cmd;C:\Users\zaixz\AppData\Local\Android\Sdk\platform-tools;C:\Program Files\dotnet\;C:\Program Files\Microsoft SQL Server\130\Tools\Binn\;C:\WINDOWS\System32\OpenSSH\;D:\software\Oralce\instantclient_11_2_X64;C:\Program Files\Microsoft SQL Server\110\Tools\Binn\;C:\Program Files (x86)\Windows Kits\8.1\Windows Performance Toolkit\;C:\Redis-x64-3.2.100\;C:\Users\zaixz\AppData\Local\Microsoft\WindowsApps;D:\Program Files (x86)\Microsoft VS Code\bin;D:\Program Files\Bandizip\;
USERNAME=zaixz
OS=Windows_NT
PROCESSOR_IDENTIFIER=Intel64 Family 6 Model 94 Stepping 3, GenuineIntel



---------------  S Y S T E M  ---------------

OS: Windows 10.0 , 64 bit Build 18362 (10.0.18362.1110)

CPU:total 2 (initial active 2) (2 cores per cpu, 1 threads per core) family 6 model 94 stepping 3, cmov, cx8, fxsr, mmx, sse, sse2, sse3, ssse3, sse4.1, sse4.2, popcnt, aes, clmul, erms, 3dnowpref, lzcnt, tsc, tscinvbit

Memory: 4k page, physical 8296440k(1754348k free), swap 14553696k(2512164k free)

vm_info: Java HotSpot(TM) Client VM (25.231-b11) for windows-x86 JRE (1.8.0_231-b11), built on Oct  5 2019 03:23:31 by "java_re" with MS VC++ 10.0 (VS2010)

time: Sun Nov 22 00:42:16 2020
timezone: 中国标准时间
elapsed time: 158 seconds (0d 0h 2m 38s)

