#
# A fatal error has been detected by the Java Runtime Environment:
#
#  EXCEPTION_UNCAUGHT_CXX_EXCEPTION (0xe06d7363) at pc=0x76054662, pid=17808, tid=0x0000338c
#
# JRE version: Java(TM) SE Runtime Environment (8.0_231-b11) (build 1.8.0_231-b11)
# Java VM: Java HotSpot(TM) Client VM (25.231-b11 mixed mode windows-x86 )
# Problematic frame:
# C  [KERNELBASE.dll+0x114662]
#
# Failed to write core dump. Minidumps are not enabled by default on client versions of Windows
#
# If you would like to submit a bug report, please visit:
#   http://bugreport.java.com/bugreport/crash.jsp
# The crash happened outside the Java Virtual Machine in native code.
# See problematic frame for where to report the bug.
#

---------------  T H R E A D  ---------------

Current thread (0x0134e000):  JavaThread "main" [_thread_in_native, id=13196, stack(0x012a0000,0x012f0000)]

siginfo: ExceptionCode=0xe06d7363, ExceptionInformation=0x19930520 0x012eeee8 0x79f2c96c 

Registers:
EAX=0x012eed88, EBX=0x19930520, ECX=0x00000003, EDX=0x00000000
ESP=0x012eed88, EBP=0x012eede0, ESI=0x012eee40, EDI=0x79f2c96c
EIP=0x76054662, EFLAGS=0x00000216

Top of Stack: (sp=0x012eed88)
0x012eed88:   e06d7363 00000001 00000000 76054662
0x012eed98:   00000003 19930520 012eeee8 79f2c96c
0x012eeda8:   0000001f 012eeeec 012eedbc 79f28617
0x012eedb8:   00000020 012eedf0 79f228a8 00000020
0x012eedc8:   0c4102fe 0000001e 012eeeec 012eeed0
0x012eedd8:   79f2b564 04c8fc8c 012eee10 6f1c7ad6
0x012eede8:   e06d7363 00000001 00000003 012eee04
0x012eedf8:   012eee20 012918b9 012eeee8 19930520 

Instructions: (pc=0x76054662)
0x76054642:   89 44 24 10 c1 e0 02 50 51 8d 44 24 1c 50 e8 3f
0x76054652:   65 02 00 83 c4 0c 8d 04 24 50 ff 15 04 a4 10 76
0x76054662:   8b 4c 24 54 33 cc e8 d3 c0 01 00 8b e5 5d c2 10
0x76054672:   00 83 64 24 10 00 eb de 6a 0f 58 eb c3 cc cc cc 


Register to memory mapping:

EAX=0x012eed88 is pointing into the stack for thread: 0x0134e000
EBX=0x19930520 is an unknown value
ECX=0x00000003 is an unknown value
EDX=0x00000000 is an unknown value
ESP=0x012eed88 is pointing into the stack for thread: 0x0134e000
EBP=0x012eede0 is pointing into the stack for thread: 0x0134e000
ESI=0x012eee40 is pointing into the stack for thread: 0x0134e000
EDI=0x79f2c96c is an unknown value


Stack: [0x012a0000,0x012f0000],  sp=0x012eed88,  free space=315k
Native frames: (J=compiled Java code, j=interpreted, Vv=VM code, C=native code)
C  [KERNELBASE.dll+0x114662]
C  [VCRUNTIME140.dll+0x7ad6]
C  [PACKDLL2.dll+0x81fc]  CRemoteHost::makeRemoteObject+0x17c
C  [PACKDLL2.dll+0x760e]  CRemoteHost::connectDAServer+0x5e
C  [PACKDLL2.dll+0x7806]  CRemoteHost::connectDAServer+0x116
C  [PACKDLL2.dll+0x1612]  LocalSyncOPCCLient::Connect+0x162
C  [PACKDLL2.dll+0x34c9]  CONNECT+0xe9
C  [jna3204809434879788997.tmp+0xda37]
C  [jna3204809434879788997.tmp+0x9182]
C  [jna3204809434879788997.tmp+0x2161]
C  [jna3204809434879788997.tmp+0x26f8]
j  com.sun.jna.Function.invokePointer(I[Ljava/lang/Object;)Lcom/sun/jna/Pointer;+0
j  com.sun.jna.Function.invoke([Ljava/lang/Object;Ljava/lang/Class;)Ljava/lang/Object;+603
j  com.sun.jna.Function.invoke(Ljava/lang/Class;[Ljava/lang/Object;Ljava/util/Map;)Ljava/lang/Object;+194
j  com.sun.jna.Library$Handler.invoke(Ljava/lang/Object;Ljava/lang/reflect/Method;[Ljava/lang/Object;)Ljava/lang/Object;+344
j  com.sun.proxy.$Proxy0.CONNECT(Ljava/lang/String;Ljava/lang/String;)Lcom/sun/jna/Pointer;+20
j  Test.main([Ljava/lang/String;)V+7
v  ~StubRoutines::call_stub
V  [jvm.dll+0x15c3d5]
V  [jvm.dll+0x2260ae]
V  [jvm.dll+0x15c46e]
V  [jvm.dll+0xdda67]
V  [jvm.dll+0xe600f]
C  [java.exe+0x2363]
C  [java.exe+0xb03f]
C  [java.exe+0xb0c9]
C  [KERNEL32.DLL+0x16359]
C  [ntdll.dll+0x67c24]
C  [ntdll.dll+0x67bf4]
C  0x00000000

Java frames: (J=compiled Java code, j=interpreted, Vv=VM code)
j  com.sun.jna.Function.invokePointer(I[Ljava/lang/Object;)Lcom/sun/jna/Pointer;+0
j  com.sun.jna.Function.invoke([Ljava/lang/Object;Ljava/lang/Class;)Ljava/lang/Object;+603
j  com.sun.jna.Function.invoke(Ljava/lang/Class;[Ljava/lang/Object;Ljava/util/Map;)Ljava/lang/Object;+194
j  com.sun.jna.Library$Handler.invoke(Ljava/lang/Object;Ljava/lang/reflect/Method;[Ljava/lang/Object;)Ljava/lang/Object;+344
j  com.sun.proxy.$Proxy0.CONNECT(Ljava/lang/String;Ljava/lang/String;)Lcom/sun/jna/Pointer;+20
j  Test.main([Ljava/lang/String;)V+7
v  ~StubRoutines::call_stub

---------------  P R O C E S S  ---------------

Java Threads: ( => current thread )
  0x1590cc00 JavaThread "Service Thread" daemon [_thread_blocked, id=14872, stack(0x15e60000,0x15eb0000)]
  0x158fcc00 JavaThread "C1 CompilerThread0" daemon [_thread_blocked, id=352, stack(0x15dd0000,0x15e20000)]
  0x158fc000 JavaThread "Monitor Ctrl-Break" daemon [_thread_in_native, id=5744, stack(0x15d40000,0x15d90000)]
  0x158c5800 JavaThread "Attach Listener" daemon [_thread_blocked, id=10620, stack(0x15cb0000,0x15d00000)]
  0x158c3800 JavaThread "Signal Dispatcher" daemon [_thread_blocked, id=12452, stack(0x15c20000,0x15c70000)]
  0x15877800 JavaThread "Finalizer" daemon [_thread_blocked, id=16360, stack(0x15b30000,0x15b80000)]
  0x15876400 JavaThread "Reference Handler" daemon [_thread_blocked, id=12816, stack(0x15aa0000,0x15af0000)]
=>0x0134e000 JavaThread "main" [_thread_in_native, id=13196, stack(0x012a0000,0x012f0000)]

Other Threads:
  0x032be000 VMThread [stack: 0x053b0000,0x05400000] [id=10560]
  0x15981000 WatcherThread [stack: 0x15ef0000,0x15f40000] [id=1236]

VM state:not at safepoint (normal execution)

VM Mutex/Monitor currently owned by a thread: None

Heap:
 def new generation   total 4928K, used 4042K [0x05400000, 0x05950000, 0x0a950000)
  eden space 4416K,  91% used [0x05400000, 0x057f2bd0, 0x05850000)
  from space 512K,   0% used [0x05850000, 0x05850000, 0x058d0000)
  to   space 512K,   0% used [0x058d0000, 0x058d0000, 0x05950000)
 tenured generation   total 10944K, used 0K [0x0a950000, 0x0b400000, 0x15400000)
   the space 10944K,   0% used [0x0a950000, 0x0a950000, 0x0a950200, 0x0b400000)
 Metaspace       used 2957K, capacity 2960K, committed 3008K, reserved 4480K

Card table byte_map: [0x052c0000,0x05350000] byte_map_base: 0x05296000

Polling page: 0x01230000

CodeCache: size=32768Kb used=814Kb max_used=814Kb free=31953Kb
 bounds [0x032c0000, 0x03390000, 0x052c0000]
 total_blobs=220 nmethods=60 adapters=91
 compilation: enabled

Compilation events (10 events):
Event: 0.619 Thread 0x158fcc00   56  s          sun.misc.URLClassPath::getNextLoader (88 bytes)
Event: 0.619 Thread 0x158fcc00 nmethod 56 0x0338a1c8 code [0x0338a310, 0x0338a6d4]
Event: 0.619 Thread 0x158fcc00   57             java.lang.AbstractStringBuilder::newCapacity (39 bytes)
Event: 0.619 Thread 0x158fcc00 nmethod 57 0x0338aa08 code [0x0338ab10, 0x0338ac4c]
Event: 0.619 Thread 0x158fcc00   58   !         sun.misc.URLClassPath$JarLoader::getResource (85 bytes)
Event: 0.620 Thread 0x158fcc00 nmethod 58 0x0338ad08 code [0x0338ae60, 0x0338b148]
Event: 0.620 Thread 0x158fcc00   59             sun.misc.URLClassPath::getResource (83 bytes)
Event: 0.620 Thread 0x158fcc00 nmethod 59 0x0338b388 code [0x0338b4b0, 0x0338b5d4]
Event: 0.620 Thread 0x158fcc00   60             java.lang.Character::toLowerCase (9 bytes)
Event: 0.620 Thread 0x158fcc00 nmethod 60 0x0338b6c8 code [0x0338b7d0, 0x0338b878]

GC Heap History (0 events):
No events

Deoptimization events (0 events):
No events

Classes redefined (0 events):
No events

Internal exceptions (6 events):
Event: 0.047 Thread 0x0134e000 Exception <a 'java/lang/NoSuchMethodError': Method sun.misc.Unsafe.defineClass(Ljava/lang/String;[BII)Ljava/lang/Class; name or signature does not match> (0x05406eb0) thrown at [C:\re\workspace\8-2-build-windows-i586-cygwin\jdk8u231\13620\hotspot\src\shar
Event: 0.047 Thread 0x0134e000 Exception <a 'java/lang/NoSuchMethodError': Method sun.misc.Unsafe.prefetchRead(Ljava/lang/Object;J)V name or signature does not match> (0x05407180) thrown at [C:\re\workspace\8-2-build-windows-i586-cygwin\jdk8u231\13620\hotspot\src\share\vm\prims\jni.cpp
Event: 0.361 Thread 0x0134e000 Exception <a 'java/security/PrivilegedActionException'> (0x055f7528) thrown at [C:\re\workspace\8-2-build-windows-i586-cygwin\jdk8u231\13620\hotspot\src\share\vm\prims\jvm.cpp, line 1502]
Event: 0.361 Thread 0x0134e000 Exception <a 'java/security/PrivilegedActionException'> (0x055f7728) thrown at [C:\re\workspace\8-2-build-windows-i586-cygwin\jdk8u231\13620\hotspot\src\share\vm\prims\jvm.cpp, line 1502]
Event: 0.361 Thread 0x0134e000 Exception <a 'java/security/PrivilegedActionException'> (0x056102d8) thrown at [C:\re\workspace\8-2-build-windows-i586-cygwin\jdk8u231\13620\hotspot\src\share\vm\prims\jvm.cpp, line 1502]
Event: 0.361 Thread 0x0134e000 Exception <a 'java/security/PrivilegedActionException'> (0x056104d8) thrown at [C:\re\workspace\8-2-build-windows-i586-cygwin\jdk8u231\13620\hotspot\src\share\vm\prims\jvm.cpp, line 1502]

Events (10 events):
Event: 0.619 loading class com/sun/jna/Callback
Event: 0.619 loading class com/sun/jna/Callback done
Event: 0.619 loading class com/sun/jna/NativeString
Event: 0.619 loading class com/sun/jna/NativeString done
Event: 0.620 loading class java/lang/IndexOutOfBoundsException
Event: 0.620 loading class java/lang/IndexOutOfBoundsException done
Event: 0.620 loading class com/sun/jna/Memory$SharedMemory
Event: 0.620 loading class com/sun/jna/Memory$SharedMemory done
Event: 0.621 loading class com/sun/jna/WString
Event: 0.621 loading class com/sun/jna/WString done


Dynamic libraries:
0x00be0000 - 0x00c13000 	D:\software\JAVA\jdk32_.8.0_231\bin\java.exe
0x77dc0000 - 0x77f5a000 	C:\WINDOWS\SYSTEM32\ntdll.dll
0x77bf0000 - 0x77cd0000 	C:\WINDOWS\System32\KERNEL32.DLL
0x75f40000 - 0x7613f000 	C:\WINDOWS\System32\KERNELBASE.dll
0x75320000 - 0x753bf000 	C:\WINDOWS\SYSTEM32\apphelp.dll
0x75c10000 - 0x75c89000 	C:\WINDOWS\System32\ADVAPI32.dll
0x763a0000 - 0x7645f000 	C:\WINDOWS\System32\msvcrt.dll
0x77b70000 - 0x77be6000 	C:\WINDOWS\System32\sechost.dll
0x77cd0000 - 0x77d8b000 	C:\WINDOWS\System32\RPCRT4.dll
0x75580000 - 0x755a5000 	C:\WINDOWS\System32\SspiCli.dll
0x75570000 - 0x7557a000 	C:\WINDOWS\System32\CRYPTBASE.dll
0x76d20000 - 0x76d7f000 	C:\WINDOWS\System32\bcryptPrimitives.dll
0x76170000 - 0x76307000 	C:\WINDOWS\System32\USER32.dll
0x76d00000 - 0x76d17000 	C:\WINDOWS\System32\win32u.dll
0x76460000 - 0x76481000 	C:\WINDOWS\System32\GDI32.dll
0x77800000 - 0x7795c000 	C:\WINDOWS\System32\gdi32full.dll
0x757f0000 - 0x7586c000 	C:\WINDOWS\System32\msvcp_win.dll
0x755b0000 - 0x756d0000 	C:\WINDOWS\System32\ucrtbase.dll
0x74ca0000 - 0x74eaf000 	C:\WINDOWS\WinSxS\x86_microsoft.windows.common-controls_6595b64144ccf1df_6.0.18362.1139_none_e62929aaf8dc83cc\COMCTL32.dll
0x75890000 - 0x75b05000 	C:\WINDOWS\System32\combase.dll
0x76140000 - 0x76165000 	C:\WINDOWS\System32\IMM32.DLL
0x7a450000 - 0x7a50f000 	D:\software\JAVA\jdk32_.8.0_231\jre\bin\msvcr100.dll
0x7a510000 - 0x7a8e6000 	D:\software\JAVA\jdk32_.8.0_231\jre\bin\client\jvm.dll
0x779b0000 - 0x779b6000 	C:\WINDOWS\System32\PSAPI.DLL
0x74390000 - 0x74398000 	C:\WINDOWS\SYSTEM32\WSOCK32.dll
0x75790000 - 0x757ee000 	C:\WINDOWS\System32\WS2_32.dll
0x744e0000 - 0x74504000 	C:\WINDOWS\SYSTEM32\WINMM.dll
0x74c90000 - 0x74c98000 	C:\WINDOWS\SYSTEM32\VERSION.dll
0x744a0000 - 0x744c3000 	C:\WINDOWS\SYSTEM32\WINMMBASE.dll
0x77b30000 - 0x77b6b000 	C:\WINDOWS\System32\cfgmgr32.dll
0x59730000 - 0x5973c000 	D:\software\JAVA\jdk32_.8.0_231\jre\bin\verify.dll
0x58530000 - 0x58551000 	D:\software\JAVA\jdk32_.8.0_231\jre\bin\java.dll
0x59710000 - 0x59730000 	D:\software\JAVA\jdk32_.8.0_231\jre\bin\instrument.dll
0x544c0000 - 0x544d4000 	D:\software\JAVA\jdk32_.8.0_231\jre\bin\zip.dll
0x766d0000 - 0x76c4a000 	C:\WINDOWS\System32\SHELL32.dll
0x76310000 - 0x76394000 	C:\WINDOWS\System32\shcore.dll
0x76dd0000 - 0x77391000 	C:\WINDOWS\System32\windows.storage.dll
0x75870000 - 0x7588b000 	C:\WINDOWS\System32\profapi.dll
0x77960000 - 0x779a3000 	C:\WINDOWS\System32\powrprof.dll
0x766c0000 - 0x766cd000 	C:\WINDOWS\System32\UMPDC.dll
0x76d80000 - 0x76dc4000 	C:\WINDOWS\System32\shlwapi.dll
0x777f0000 - 0x777ff000 	C:\WINDOWS\System32\kernel.appcore.dll
0x77d90000 - 0x77da3000 	C:\WINDOWS\System32\cryptsp.dll
0x79f00000 - 0x79f16000 	D:\Program Files\JetBrains\IntelliJ IDEA 2020.1\bin\breakgen.dll
0x79ed0000 - 0x79ee6000 	D:\software\JAVA\jdk32_.8.0_231\jre\bin\net.dll
0x73070000 - 0x730c2000 	C:\WINDOWS\system32\mswsock.dll
0x71910000 - 0x7193f000 	C:\WINDOWS\system32\rsaenh.dll
0x756d0000 - 0x756e9000 	C:\WINDOWS\System32\bcrypt.dll
0x74ff0000 - 0x7500e000 	C:\WINDOWS\SYSTEM32\USERENV.dll
0x75220000 - 0x75252000 	C:\WINDOWS\SYSTEM32\IPHLPAPI.DLL
0x765a0000 - 0x765a7000 	C:\WINDOWS\System32\NSI.dll
0x70590000 - 0x705a3000 	C:\WINDOWS\SYSTEM32\dhcpcsvc6.DLL
0x72df0000 - 0x72e05000 	C:\WINDOWS\SYSTEM32\dhcpcsvc.DLL
0x731a0000 - 0x73234000 	C:\WINDOWS\SYSTEM32\DNSAPI.dll
0x58510000 - 0x5851f000 	D:\software\JAVA\jdk32_.8.0_231\jre\bin\nio.dll
0x15f40000 - 0x15f92000 	C:\Users\zaixz\AppData\Local\Temp\jna3204809434879788997.tmp
0x79f20000 - 0x79f33000 	D:\software\JAVA\jdk32_.8.0_231\bin\PACKDLL2.dll
0x75c90000 - 0x75d87000 	C:\WINDOWS\System32\ole32.dll
0x756f0000 - 0x75782000 	C:\WINDOWS\System32\OLEAUT32.dll
0x6ef80000 - 0x6efef000 	C:\WINDOWS\SYSTEM32\MSVCP140.dll
0x6f1c0000 - 0x6f1d4000 	C:\WINDOWS\SYSTEM32\VCRUNTIME140.dll
0x71890000 - 0x7190a000 	C:\WINDOWS\system32\uxtheme.dll
0x75b90000 - 0x75c10000 	C:\WINDOWS\System32\clbcatq.dll
0x165e0000 - 0x165f2000 	C:\WINDOWS\System32\opccomn_ps.dll
0x7bc00000 - 0x7bd54000 	C:\Windows\System32\comsvcs.dll
0x75020000 - 0x751af000 	C:\WINDOWS\SYSTEM32\dbghelp.dll

VM Arguments:
jvm_args: -Djava.library.path=E:\2020project\OTT\src\main\java\ -javaagent:D:\Program Files\JetBrains\IntelliJ IDEA 2020.1\lib\idea_rt.jar=49197:D:\Program Files\JetBrains\IntelliJ IDEA 2020.1\bin -Dfile.encoding=UTF-8 
java_command: Test
java_class_path (initial): D:\software\JAVA\jdk32_.8.0_231\jre\lib\charsets.jar;D:\software\JAVA\jdk32_.8.0_231\jre\lib\deploy.jar;D:\software\JAVA\jdk32_.8.0_231\jre\lib\ext\access-bridge-32.jar;D:\software\JAVA\jdk32_.8.0_231\jre\lib\ext\cldrdata.jar;D:\software\JAVA\jdk32_.8.0_231\jre\lib\ext\dnsns.jar;D:\software\JAVA\jdk32_.8.0_231\jre\lib\ext\jaccess.jar;D:\software\JAVA\jdk32_.8.0_231\jre\lib\ext\jfxrt.jar;D:\software\JAVA\jdk32_.8.0_231\jre\lib\ext\localedata.jar;D:\software\JAVA\jdk32_.8.0_231\jre\lib\ext\nashorn.jar;D:\software\JAVA\jdk32_.8.0_231\jre\lib\ext\sunec.jar;D:\software\JAVA\jdk32_.8.0_231\jre\lib\ext\sunjce_provider.jar;D:\software\JAVA\jdk32_.8.0_231\jre\lib\ext\sunmscapi.jar;D:\software\JAVA\jdk32_.8.0_231\jre\lib\ext\sunpkcs11.jar;D:\software\JAVA\jdk32_.8.0_231\jre\lib\ext\zipfs.jar;D:\software\JAVA\jdk32_.8.0_231\jre\lib\javaws.jar;D:\software\JAVA\jdk32_.8.0_231\jre\lib\jce.jar;D:\software\JAVA\jdk32_.8.0_231\jre\lib\jfr.jar;D:\software\JAVA\jdk32_.8.0_231\jre\lib\jfxswt.jar;D:\software\JAVA\jdk32_.8.0_231\jre\lib\jsse.jar;D:\software\JAVA\jdk32_.8.0_231\jre\lib\management-agent.jar;D:\software\JAVA\jdk32_.8.0_231\jre\lib\plugin.jar;D:\software\JAVA\jdk32_.8.0_231\jre\lib\resources.jar;D:\software\JAVA\jdk32_.8.0_231\jre\lib\rt.jar;E:\2020project\OTT\target\classes;C:\Users\zaixz\.m2\repository\com\sun\jna\jna\3.0.9\jna-3.0.9.jar;D:\Program Files\JetBrains\IntelliJ IDEA 2020.1\lib\idea_rt.jar
Launcher Type: SUN_STANDARD

Environment Variables:
JAVA_HOME=D:\software\JAVA\jdk-9.0.1
JRE_HOME=D:\software\JAVA\jre-9.0.1
CLASSPATH=.;d:\360downloads\software\lib\sound.jar;d:\360downloads\software\lib\jmf.jar;d:\360downloads\software\lib;
PATH=D:\Program Files\opencv\build\x64\vc14\bin;D:\Python\Scripts\;D:\Python\;D:\software\JAVA\jre-9.0.1\bin;D:\software\JAVA\jdk-9.0.1\bin;C:\apache-tomcat-9.0.8-windows-x64\apache-tomcat-9.0.8\bin;C:\ProgramData\Oracle\Java\javapath;E:\android_KIT\activeMQ_Service\apache-activemq-5.15.3-bin (1)\apache-activemq-5.15.3\bin\win64;D:\Program Files\Android\Android Studio\jre\bin;C:\apache-maven-3.6.0\bin;C:\instantclient_12_2;C:\xampp\php\ext;C:\xampp\php;C:\WINDOWS\system32;C:\WINDOWS;C:\WINDOWS\System32\Wbem;C:\WINDOWS\System32\WindowsPowerShell\v1.0\;.;D:\Program Files\MATLAB\R2017b\runtime\win64;C:\Program Files (x86)\Common Files\Oracle\Java\javapath;D:\Program Files\MATLAB\R2017b\bin;C:\Program Files\Git\cmd;C:\Users\zaixz\AppData\Local\Android\Sdk\platform-tools;C:\Program Files\dotnet\;C:\Program Files\Microsoft SQL Server\130\Tools\Binn\;C:\WINDOWS\System32\OpenSSH\;D:\software\Oralce\instantclient_11_2_X64;C:\Program Files\Microsoft SQL Server\110\Tools\Binn\;C:\Program Files (x86)\Windows Kits\8.1\Windows Performance Toolkit\;C:\Redis-x64-3.2.100\;C:\Users\zaixz\AppData\Local\Microsoft\WindowsApps;D:\Program Files (x86)\Microsoft VS Code\bin;D:\Program Files\Bandizip\;
USERNAME=zaixz
OS=Windows_NT
PROCESSOR_IDENTIFIER=Intel64 Family 6 Model 94 Stepping 3, GenuineIntel



---------------  S Y S T E M  ---------------

OS: Windows 10.0 , 64 bit Build 18362 (10.0.18362.1110)

CPU:total 2 (initial active 2) (2 cores per cpu, 1 threads per core) family 6 model 94 stepping 3, cmov, cx8, fxsr, mmx, sse, sse2, sse3, ssse3, sse4.1, sse4.2, popcnt, aes, clmul, erms, 3dnowpref, lzcnt, tsc, tscinvbit

Memory: 4k page, physical 8296440k(1624668k free), swap 12726704k(3156788k free)

vm_info: Java HotSpot(TM) Client VM (25.231-b11) for windows-x86 JRE (1.8.0_231-b11), built on Oct  5 2019 03:23:31 by "java_re" with MS VC++ 10.0 (VS2010)

time: Sat Nov 07 21:03:50 2020
timezone: 中国标准时间
elapsed time: 1 seconds (0d 0h 0m 1s)

