#
# A fatal error has been detected by the Java Runtime Environment:
#
#  EXCEPTION_ACCESS_VIOLATION (0xc0000005) at pc=0x702d317e, pid=6708, tid=0x000016f0
#
# JRE version: Java(TM) SE Runtime Environment (8.0_231-b11) (build 1.8.0_231-b11)
# Java VM: Java HotSpot(TM) Client VM (25.231-b11 mixed mode, sharing windows-x86 )
# Problematic frame:
# C  [VCRUNTIME140.dll+0x317e]
#
# Failed to write core dump. Minidumps are not enabled by default on client versions of Windows
#
# If you would like to submit a bug report, please visit:
#   http://bugreport.java.com/bugreport/crash.jsp
# The crash happened outside the Java Virtual Machine in native code.
# See problematic frame for where to report the bug.
#

---------------  T H R E A D  ---------------

Current thread (0x00dee000):  JavaThread "main" [_thread_in_native, id=5872, stack(0x01000000,0x01050000)]

siginfo: ExceptionCode=0xc0000005, reading address 0x01050000

Registers:
EAX=0x0209e0d8, EBX=0x0104eff8, ECX=0x0104e0d8, EDX=0x0104f0e0
ESP=0x0104ef7c, EBP=0x0104efa0, ESI=0x01050000, EDI=0x16d0e048
EIP=0x702d317e, EFLAGS=0x00010207

Top of Stack: (sp=0x0104ef7c)
0x0104ef7c:   0104efb4 0104f0e0 7b5135dd 16d0d040
0x0104ef8c:   0104eff8 0104f0e0 010dd250 010dd250
0x0104ef9c:   00000008 0104efd8 7b514fbb 0104eff8
0x0104efac:   00000000 ffffffff 16d0d040 7b51d1e0
0x0104efbc:   ffffffff 0104efd8 00000000 0104f0ef
0x0104efcc:   00dee000 0104f0e0 00000001 0104efe8
0x0104efdc:   1691da37 00cf18b8 00cf18d0 0104f048
0x0104efec:   16919182 16918eb0 0104f030 00000008 

Instructions: (pc=0x702d317e)
0x702d315e:   00 73 13 0f ba 25 1c 00 2e 70 01 0f 82 8e 04 00
0x702d316e:   00 e9 e3 01 00 00 0f ba 25 d0 02 2e 70 01 73 09
0x702d317e:   f3 a4 8b 44 24 0c 5e 5f c3 8b c7 33 c6 a9 0f 00
0x702d318e:   00 00 75 0e 0f ba 25 1c 00 2e 70 01 0f 82 e0 03 


Register to memory mapping:

EAX=0x0209e0d8 is an unknown value
EBX=0x0104eff8 is pointing into the stack for thread: 0x00dee000
ECX=0x0104e0d8 is pointing into the stack for thread: 0x00dee000
EDX=0x0104f0e0 is pointing into the stack for thread: 0x00dee000
ESP=0x0104ef7c is pointing into the stack for thread: 0x00dee000
EBP=0x0104efa0 is pointing into the stack for thread: 0x00dee000
ESI=0x01050000 is pointing into the stack for thread: 0x00dee000
EDI=0x16d0e048 is an unknown value


Stack: [0x01000000,0x01050000],  sp=0x0104ef7c,  free space=315k
Native frames: (J=compiled Java code, j=interpreted, Vv=VM code, C=native code)
C  [VCRUNTIME140.dll+0x317e]
C  [PACKDLL2.dll+0x4fbb]
C  [jna7319394233267382055.tmp+0xda37]
C  [jna7319394233267382055.tmp+0x9182]
C  [jna7319394233267382055.tmp+0x2161]
C  [jna7319394233267382055.tmp+0x26f8]
j  com.sun.jna.Function.invokePointer(I[Ljava/lang/Object;)Lcom/sun/jna/Pointer;+0
j  com.sun.jna.Function.invoke([Ljava/lang/Object;Ljava/lang/Class;)Ljava/lang/Object;+603
j  com.sun.jna.Function.invoke(Ljava/lang/Class;[Ljava/lang/Object;Ljava/util/Map;)Ljava/lang/Object;+194
j  com.sun.jna.Library$Handler.invoke(Ljava/lang/Object;Ljava/lang/reflect/Method;[Ljava/lang/Object;)Ljava/lang/Object;+344
j  com.sun.proxy.$Proxy0.CONNECT(Ljava/lang/String;Ljava/lang/String;)Lcom/sun/jna/Pointer;+20
j  Test.main([Ljava/lang/String;)V+7
v  ~StubRoutines::call_stub
V  [jvm.dll+0x15c3d5]
V  [jvm.dll+0x2260ae]
V  [jvm.dll+0x15c46e]
V  [jvm.dll+0xdda67]
V  [jvm.dll+0xe600f]
C  [java.exe+0x2363]
C  [java.exe+0xb03f]
C  [java.exe+0xb0c9]
C  [KERNEL32.DLL+0x16359]
C  [ntdll.dll+0x67c24]
C  [ntdll.dll+0x67bf4]
C  0x00000000

Java frames: (J=compiled Java code, j=interpreted, Vv=VM code)
j  com.sun.jna.Function.invokePointer(I[Ljava/lang/Object;)Lcom/sun/jna/Pointer;+0
j  com.sun.jna.Function.invoke([Ljava/lang/Object;Ljava/lang/Class;)Ljava/lang/Object;+603
j  com.sun.jna.Function.invoke(Ljava/lang/Class;[Ljava/lang/Object;Ljava/util/Map;)Ljava/lang/Object;+194
j  com.sun.jna.Library$Handler.invoke(Ljava/lang/Object;Ljava/lang/reflect/Method;[Ljava/lang/Object;)Ljava/lang/Object;+344
j  com.sun.proxy.$Proxy0.CONNECT(Ljava/lang/String;Ljava/lang/String;)Lcom/sun/jna/Pointer;+20
j  Test.main([Ljava/lang/String;)V+7
v  ~StubRoutines::call_stub

---------------  P R O C E S S  ---------------

Java Threads: ( => current thread )
  0x0303d800 JavaThread "Service Thread" daemon [_thread_blocked, id=3840, stack(0x16610000,0x16660000)]
  0x03039000 JavaThread "C1 CompilerThread0" daemon [_thread_blocked, id=16840, stack(0x16580000,0x165d0000)]
  0x03029000 JavaThread "Monitor Ctrl-Break" daemon [_thread_in_native, id=16368, stack(0x164f0000,0x16540000)]
  0x02fe0800 JavaThread "Attach Listener" daemon [_thread_blocked, id=15756, stack(0x15ea0000,0x15ef0000)]
  0x02fcec00 JavaThread "Signal Dispatcher" daemon [_thread_blocked, id=16456, stack(0x15e10000,0x15e60000)]
  0x02fc1800 JavaThread "Finalizer" daemon [_thread_blocked, id=2216, stack(0x15290000,0x152e0000)]
  0x02f67400 JavaThread "Reference Handler" daemon [_thread_blocked, id=3392, stack(0x15200000,0x15250000)]
=>0x00dee000 JavaThread "main" [_thread_in_native, id=5872, stack(0x01000000,0x01050000)]

Other Threads:
  0x02f64400 VMThread [stack: 0x05170000,0x051c0000] [id=8004]
  0x16697800 WatcherThread [stack: 0x168a0000,0x168f0000] [id=16060]

VM state:not at safepoint (normal execution)

VM Mutex/Monitor currently owned by a thread: None

Heap:
 def new generation   total 4928K, used 3233K [0x05200000, 0x05750000, 0x0a750000)
  eden space 4416K,  73% used [0x05200000, 0x05528680, 0x05650000)
  from space 512K,   0% used [0x05650000, 0x05650000, 0x056d0000)
  to   space 512K,   0% used [0x056d0000, 0x056d0000, 0x05750000)
 tenured generation   total 10944K, used 0K [0x0a750000, 0x0b200000, 0x15200000)
   the space 10944K,   0% used [0x0a750000, 0x0a750000, 0x0a750200, 0x0b200000)
 Metaspace       used 529K, capacity 2408K, committed 2496K, reserved 4480K

Card table byte_map: [0x05040000,0x050d0000] byte_map_base: 0x05017000

Polling page: 0x00df0000

CodeCache: size=32768Kb used=819Kb max_used=819Kb free=31948Kb
 bounds [0x03040000, 0x03110000, 0x05040000]
 total_blobs=230 nmethods=65 adapters=96
 compilation: enabled

Compilation events (10 events):
Event: 2.544 Thread 0x03039000   61             java.util.HashMap::get (23 bytes)
Event: 2.544 Thread 0x03039000 nmethod 61 0x03108f48 code [0x03109060, 0x03109168]
Event: 2.584 Thread 0x03039000   62  s!         sun.misc.URLClassPath::getLoader (243 bytes)
Event: 2.585 Thread 0x03039000 nmethod 62 0x03109248 code [0x031094c0, 0x0310a6d4]
Event: 2.585 Thread 0x03039000   63  s          sun.misc.URLClassPath::getNextLoader (88 bytes)
Event: 2.585 Thread 0x03039000 nmethod 63 0x0310bac8 code [0x0310bc10, 0x0310bfd4]
Event: 2.586 Thread 0x03039000   64             sun.misc.URLClassPath::getResource (83 bytes)
Event: 2.586 Thread 0x03039000 nmethod 64 0x0310c308 code [0x0310c430, 0x0310c554]
Event: 2.586 Thread 0x03039000   65   !         sun.misc.URLClassPath$JarLoader::getResource (85 bytes)
Event: 2.586 Thread 0x03039000 nmethod 65 0x0310c648 code [0x0310c7a0, 0x0310ca88]

GC Heap History (0 events):
No events

Deoptimization events (0 events):
No events

Classes redefined (0 events):
No events

Internal exceptions (6 events):
Event: 0.598 Thread 0x00dee000 Exception <a 'java/lang/NoSuchMethodError': Method sun.misc.Unsafe.defineClass(Ljava/lang/String;[BII)Ljava/lang/Class; name or signature does not match> (0x052079e0) thrown at [C:\re\workspace\8-2-build-windows-i586-cygwin\jdk8u231\13620\hotspot\src\shar
Event: 0.598 Thread 0x00dee000 Exception <a 'java/lang/NoSuchMethodError': Method sun.misc.Unsafe.prefetchRead(Ljava/lang/Object;J)V name or signature does not match> (0x05207cb0) thrown at [C:\re\workspace\8-2-build-windows-i586-cygwin\jdk8u231\13620\hotspot\src\share\vm\prims\jni.cpp
Event: 1.607 Thread 0x00dee000 Exception <a 'java/security/PrivilegedActionException'> (0x0533d248) thrown at [C:\re\workspace\8-2-build-windows-i586-cygwin\jdk8u231\13620\hotspot\src\share\vm\prims\jvm.cpp, line 1502]
Event: 1.607 Thread 0x00dee000 Exception <a 'java/security/PrivilegedActionException'> (0x0533d448) thrown at [C:\re\workspace\8-2-build-windows-i586-cygwin\jdk8u231\13620\hotspot\src\share\vm\prims\jvm.cpp, line 1502]
Event: 1.608 Thread 0x00dee000 Exception <a 'java/security/PrivilegedActionException'> (0x0533fe90) thrown at [C:\re\workspace\8-2-build-windows-i586-cygwin\jdk8u231\13620\hotspot\src\share\vm\prims\jvm.cpp, line 1502]
Event: 1.608 Thread 0x00dee000 Exception <a 'java/security/PrivilegedActionException'> (0x05340090) thrown at [C:\re\workspace\8-2-build-windows-i586-cygwin\jdk8u231\13620\hotspot\src\share\vm\prims\jvm.cpp, line 1502]

Events (10 events):
Event: 2.585 loading class com/sun/jna/NativeMapped
Event: 2.585 loading class com/sun/jna/NativeMapped done
Event: 2.586 loading class com/sun/jna/Callback
Event: 2.586 loading class com/sun/jna/Callback done
Event: 2.586 loading class com/sun/jna/NativeString
Event: 2.586 loading class com/sun/jna/NativeString done
Event: 2.586 loading class com/sun/jna/Memory$SharedMemory
Event: 2.586 loading class com/sun/jna/Memory$SharedMemory done
Event: 2.588 loading class com/sun/jna/WString
Event: 2.588 loading class com/sun/jna/WString done


Dynamic libraries:
0x00d20000 - 0x00d53000 	D:\software\JAVA\jdk32_.8.0_231\bin\java.exe
0x77d90000 - 0x77f2a000 	C:\WINDOWS\SYSTEM32\ntdll.dll
0x76950000 - 0x76a30000 	C:\WINDOWS\System32\KERNEL32.DLL
0x76330000 - 0x7652f000 	C:\WINDOWS\System32\KERNELBASE.dll
0x752b0000 - 0x7534f000 	C:\WINDOWS\SYSTEM32\apphelp.dll
0x77860000 - 0x778d9000 	C:\WINDOWS\System32\ADVAPI32.dll
0x76590000 - 0x7664f000 	C:\WINDOWS\System32\msvcrt.dll
0x77710000 - 0x77786000 	C:\WINDOWS\System32\sechost.dll
0x777a0000 - 0x7785b000 	C:\WINDOWS\System32\RPCRT4.dll
0x75550000 - 0x75575000 	C:\WINDOWS\System32\SspiCli.dll
0x75540000 - 0x7554a000 	C:\WINDOWS\System32\CRYPTBASE.dll
0x76240000 - 0x7629f000 	C:\WINDOWS\System32\bcryptPrimitives.dll
0x76650000 - 0x767e7000 	C:\WINDOWS\System32\USER32.dll
0x77bd0000 - 0x77be7000 	C:\WINDOWS\System32\win32u.dll
0x77cc0000 - 0x77ce1000 	C:\WINDOWS\System32\GDI32.dll
0x75910000 - 0x75a6c000 	C:\WINDOWS\System32\gdi32full.dll
0x761c0000 - 0x7623c000 	C:\WINDOWS\System32\msvcp_win.dll
0x775d0000 - 0x776f0000 	C:\WINDOWS\System32\ucrtbase.dll
0x74d20000 - 0x74f2f000 	C:\WINDOWS\WinSxS\x86_microsoft.windows.common-controls_6595b64144ccf1df_6.0.18362.1139_none_e62929aaf8dc83cc\COMCTL32.dll
0x77950000 - 0x77bc5000 	C:\WINDOWS\System32\combase.dll
0x76a40000 - 0x76a65000 	C:\WINDOWS\System32\IMM32.DLL
0x7a780000 - 0x7a83f000 	D:\software\JAVA\jdk32_.8.0_231\jre\bin\msvcr100.dll
0x7a3a0000 - 0x7a776000 	D:\software\JAVA\jdk32_.8.0_231\jre\bin\client\jvm.dll
0x75800000 - 0x75806000 	C:\WINDOWS\System32\PSAPI.DLL
0x737d0000 - 0x737d8000 	C:\WINDOWS\SYSTEM32\WSOCK32.dll
0x767f0000 - 0x7684e000 	C:\WINDOWS\System32\WS2_32.dll
0x74480000 - 0x744a4000 	C:\WINDOWS\SYSTEM32\WINMM.dll
0x74c60000 - 0x74c68000 	C:\WINDOWS\SYSTEM32\VERSION.dll
0x74450000 - 0x74473000 	C:\WINDOWS\SYSTEM32\WINMMBASE.dll
0x77cf0000 - 0x77d2b000 	C:\WINDOWS\System32\cfgmgr32.dll
0x6eee0000 - 0x6eeec000 	D:\software\JAVA\jdk32_.8.0_231\jre\bin\verify.dll
0x7a320000 - 0x7a341000 	D:\software\JAVA\jdk32_.8.0_231\jre\bin\java.dll
0x7b4d0000 - 0x7b4f0000 	D:\software\JAVA\jdk32_.8.0_231\jre\bin\instrument.dll
0x7a380000 - 0x7a394000 	D:\software\JAVA\jdk32_.8.0_231\jre\bin\zip.dll
0x76a70000 - 0x76fea000 	C:\WINDOWS\System32\SHELL32.dll
0x762a0000 - 0x76324000 	C:\WINDOWS\System32\shcore.dll
0x76ff0000 - 0x775b1000 	C:\WINDOWS\System32\windows.storage.dll
0x778e0000 - 0x778fb000 	C:\WINDOWS\System32\profapi.dll
0x77900000 - 0x77943000 	C:\WINDOWS\System32\powrprof.dll
0x76a30000 - 0x76a3d000 	C:\WINDOWS\System32\UMPDC.dll
0x75d20000 - 0x75d64000 	C:\WINDOWS\System32\shlwapi.dll
0x775c0000 - 0x775cf000 	C:\WINDOWS\System32\kernel.appcore.dll
0x77bf0000 - 0x77c03000 	C:\WINDOWS\System32\cryptsp.dll
0x7a300000 - 0x7a316000 	D:\Program Files\JetBrains\IntelliJ IDEA 2020.1\bin\breakgen.dll
0x7a350000 - 0x7a366000 	D:\software\JAVA\jdk32_.8.0_231\jre\bin\net.dll
0x73660000 - 0x736b2000 	C:\WINDOWS\system32\mswsock.dll
0x71570000 - 0x7159f000 	C:\WINDOWS\system32\rsaenh.dll
0x776f0000 - 0x77709000 	C:\WINDOWS\System32\bcrypt.dll
0x74fc0000 - 0x74fde000 	C:\WINDOWS\SYSTEM32\USERENV.dll
0x75350000 - 0x75382000 	C:\WINDOWS\SYSTEM32\IPHLPAPI.DLL
0x75790000 - 0x75797000 	C:\WINDOWS\System32\NSI.dll
0x72e50000 - 0x72e63000 	C:\WINDOWS\SYSTEM32\dhcpcsvc6.DLL
0x72e70000 - 0x72e85000 	C:\WINDOWS\SYSTEM32\dhcpcsvc.DLL
0x73070000 - 0x73104000 	C:\WINDOWS\SYSTEM32\DNSAPI.dll
0x7a370000 - 0x7a37f000 	D:\software\JAVA\jdk32_.8.0_231\jre\bin\nio.dll
0x16910000 - 0x16962000 	C:\Users\zaixz\AppData\Local\Temp\jna7319394233267382055.tmp
0x7b510000 - 0x7b527000 	D:\software\JAVA\jdk32_.8.0_231\bin\PACKDLL2.dll
0x76850000 - 0x76947000 	C:\WINDOWS\System32\ole32.dll
0x756f0000 - 0x75782000 	C:\WINDOWS\System32\OLEAUT32.dll
0x700a0000 - 0x7010f000 	C:\WINDOWS\SYSTEM32\MSVCP140.dll
0x702d0000 - 0x702e4000 	C:\WINDOWS\SYSTEM32\VCRUNTIME140.dll
0x72ce0000 - 0x72d5a000 	C:\WINDOWS\system32\uxtheme.dll
0x74fe0000 - 0x7516f000 	C:\WINDOWS\SYSTEM32\dbghelp.dll

VM Arguments:
jvm_args: -Djava.library.path=E:\2020project\OTT\src\main\java\ -javaagent:D:\Program Files\JetBrains\IntelliJ IDEA 2020.1\lib\idea_rt.jar=61326:D:\Program Files\JetBrains\IntelliJ IDEA 2020.1\bin -Dfile.encoding=UTF-8 
java_command: Test
java_class_path (initial): D:\software\JAVA\jdk32_.8.0_231\jre\lib\charsets.jar;D:\software\JAVA\jdk32_.8.0_231\jre\lib\deploy.jar;D:\software\JAVA\jdk32_.8.0_231\jre\lib\ext\access-bridge-32.jar;D:\software\JAVA\jdk32_.8.0_231\jre\lib\ext\cldrdata.jar;D:\software\JAVA\jdk32_.8.0_231\jre\lib\ext\dnsns.jar;D:\software\JAVA\jdk32_.8.0_231\jre\lib\ext\jaccess.jar;D:\software\JAVA\jdk32_.8.0_231\jre\lib\ext\jfxrt.jar;D:\software\JAVA\jdk32_.8.0_231\jre\lib\ext\localedata.jar;D:\software\JAVA\jdk32_.8.0_231\jre\lib\ext\nashorn.jar;D:\software\JAVA\jdk32_.8.0_231\jre\lib\ext\sunec.jar;D:\software\JAVA\jdk32_.8.0_231\jre\lib\ext\sunjce_provider.jar;D:\software\JAVA\jdk32_.8.0_231\jre\lib\ext\sunmscapi.jar;D:\software\JAVA\jdk32_.8.0_231\jre\lib\ext\sunpkcs11.jar;D:\software\JAVA\jdk32_.8.0_231\jre\lib\ext\zipfs.jar;D:\software\JAVA\jdk32_.8.0_231\jre\lib\javaws.jar;D:\software\JAVA\jdk32_.8.0_231\jre\lib\jce.jar;D:\software\JAVA\jdk32_.8.0_231\jre\lib\jfr.jar;D:\software\JAVA\jdk32_.8.0_231\jre\lib\jfxswt.jar;D:\software\JAVA\jdk32_.8.0_231\jre\lib\jsse.jar;D:\software\JAVA\jdk32_.8.0_231\jre\lib\management-agent.jar;D:\software\JAVA\jdk32_.8.0_231\jre\lib\plugin.jar;D:\software\JAVA\jdk32_.8.0_231\jre\lib\resources.jar;D:\software\JAVA\jdk32_.8.0_231\jre\lib\rt.jar;E:\2020project\OTT\target\classes;C:\Users\zaixz\.m2\repository\com\sun\jna\jna\3.0.9\jna-3.0.9.jar;C:\Users\zaixz\.m2\repository\com\alibaba\fastjson\1.2.38\fastjson-1.2.38.jar;D:\Program Files\JetBrains\IntelliJ IDEA 2020.1\lib\idea_rt.jar
Launcher Type: SUN_STANDARD

Environment Variables:
JAVA_HOME=D:\software\JAVA\jdk-9.0.1
JRE_HOME=D:\software\JAVA\jre-9.0.1
CLASSPATH=.;d:\360downloads\software\lib\sound.jar;d:\360downloads\software\lib\jmf.jar;d:\360downloads\software\lib;
PATH=D:\Program Files\opencv\build\x64\vc14\bin;D:\Python\Scripts\;D:\Python\;D:\software\JAVA\jre-9.0.1\bin;D:\software\JAVA\jdk-9.0.1\bin;C:\apache-tomcat-9.0.8-windows-x64\apache-tomcat-9.0.8\bin;C:\ProgramData\Oracle\Java\javapath;E:\android_KIT\activeMQ_Service\apache-activemq-5.15.3-bin (1)\apache-activemq-5.15.3\bin\win64;D:\Program Files\Android\Android Studio\jre\bin;C:\apache-maven-3.6.0\bin;C:\instantclient_12_2;C:\xampp\php\ext;C:\xampp\php;C:\WINDOWS\system32;C:\WINDOWS;C:\WINDOWS\System32\Wbem;C:\WINDOWS\System32\WindowsPowerShell\v1.0\;.;D:\Program Files\MATLAB\R2017b\runtime\win64;C:\Program Files (x86)\Common Files\Oracle\Java\javapath;D:\Program Files\MATLAB\R2017b\bin;C:\Program Files\Git\cmd;C:\Users\zaixz\AppData\Local\Android\Sdk\platform-tools;C:\Program Files\dotnet\;C:\Program Files\Microsoft SQL Server\130\Tools\Binn\;C:\WINDOWS\System32\OpenSSH\;D:\software\Oralce\instantclient_11_2_X64;C:\Program Files\Microsoft SQL Server\110\Tools\Binn\;C:\Program Files (x86)\Windows Kits\8.1\Windows Performance Toolkit\;C:\Redis-x64-3.2.100\;C:\Users\zaixz\AppData\Local\Microsoft\WindowsApps;D:\Program Files (x86)\Microsoft VS Code\bin;D:\Program Files\Bandizip\;
USERNAME=zaixz
OS=Windows_NT
PROCESSOR_IDENTIFIER=Intel64 Family 6 Model 94 Stepping 3, GenuineIntel



---------------  S Y S T E M  ---------------

OS: Windows 10.0 , 64 bit Build 18362 (10.0.18362.1110)

CPU:total 2 (initial active 2) (2 cores per cpu, 1 threads per core) family 6 model 94 stepping 3, cmov, cx8, fxsr, mmx, sse, sse2, sse3, ssse3, sse4.1, sse4.2, popcnt, aes, clmul, erms, 3dnowpref, lzcnt, tsc, tscinvbit

Memory: 4k page, physical 8296440k(728336k free), swap 13488832k(1513484k free)

vm_info: Java HotSpot(TM) Client VM (25.231-b11) for windows-x86 JRE (1.8.0_231-b11), built on Oct  5 2019 03:23:31 by "java_re" with MS VC++ 10.0 (VS2010)

time: Sun Nov 22 00:15:29 2020
timezone: 中国标准时间
elapsed time: 2 seconds (0d 0h 0m 2s)

