#
# A fatal error has been detected by the Java Runtime Environment:
#
#  EXCEPTION_ACCESS_VIOLATION (0xc0000005) at pc=0x76619c9c, pid=7360, tid=0x00003040
#
# JRE version: Java(TM) SE Runtime Environment (8.0_231-b11) (build 1.8.0_231-b11)
# Java VM: Java HotSpot(TM) Client VM (25.231-b11 mixed mode, sharing windows-x86 )
# Problematic frame:
# C  [msvcrt.dll+0x89c9c]
#
# Failed to write core dump. Minidumps are not enabled by default on client versions of Windows
#
# If you would like to submit a bug report, please visit:
#   http://bugreport.java.com/bugreport/crash.jsp
# The crash happened outside the Java Virtual Machine in native code.
# See problematic frame for where to report the bug.
#

---------------  T H R E A D  ---------------

Current thread (0x00bbe000):  JavaThread "main" [_thread_in_native, id=12352, stack(0x00bc0000,0x00c10000)]

siginfo: ExceptionCode=0xc0000005, reading address 0x00000001

Registers:
EAX=0x00000001, EBX=0x14e3c030, ECX=0x00000001, EDX=0x14e3f4a8
ESP=0x00c0f75c, EBP=0x00c0f848, ESI=0x14e3c030, EDI=0x00bbe000
EIP=0x76619c9c, EFLAGS=0x00010202

Top of Stack: (sp=0x00c0f75c)
0x00c0f75c:   15da651f 00000001 00c0f834 7a47dc9b
0x00c0f76c:   00c0f878 14e3a070 00bbe000 00bb7080
0x00c0f77c:   7a47dd1c 00000000 00bbe000 7a47dd29
0x00c0f78c:   00000000 152f77f0 00000000 00000000
0x00c0f79c:   14e3f4a8 00000000 00000000 00000000
0x00c0f7ac:   00c0f7c0 14e3a070 00bbe000 04e3d438
0x00c0f7bc:   00000003 00c0f878 00bbe140 00000000
0x00c0f7cc:   00bbe560 00bbe568 00bbe954 000003ec 

Instructions: (pc=0x76619c9c)
0x76619c7c:   73 ee 8b c1 83 c4 20 5e c9 c3 cc cc cc cc cc cc
0x76619c8c:   cc cc cc cc 8b 4c 24 04 f7 c1 03 00 00 00 74 24
0x76619c9c:   8a 01 83 c1 01 84 c0 74 4e f7 c1 03 00 00 00 75
0x76619cac:   ef 05 00 00 00 00 8d a4 24 00 00 00 00 8d a4 24 


Register to memory mapping:

EAX=0x00000001 is an unknown value
EBX={method} {0x14e3c034} '_getString' '(JZ)Ljava/lang/String;' in 'com/sun/jna/Pointer'
ECX=0x00000001 is an unknown value
EDX=0x14e3f4a8 is pointing into metadata
ESP=0x00c0f75c is pointing into the stack for thread: 0x00bbe000
EBP=0x00c0f848 is pointing into the stack for thread: 0x00bbe000
ESI={method} {0x14e3c034} '_getString' '(JZ)Ljava/lang/String;' in 'com/sun/jna/Pointer'
EDI=0x00bbe000 is a thread


Stack: [0x00bc0000,0x00c10000],  sp=0x00c0f75c,  free space=317k
Native frames: (J=compiled Java code, j=interpreted, Vv=VM code, C=native code)
C  [msvcrt.dll+0x89c9c]
C  [jna6623116279711995292.tmp+0x5806]
j  com.sun.jna.Pointer._getString(JZ)Ljava/lang/String;+0
j  com.sun.jna.Pointer.getString(JZ)Ljava/lang/String;+7
j  com.sun.jna.Pointer.getString(J)Ljava/lang/String;+90
j  com.sun.jna.Function.invokeString(I[Ljava/lang/Object;Z)Ljava/lang/String;+35
j  com.sun.jna.Function.invoke([Ljava/lang/Object;Ljava/lang/Class;)Ljava/lang/Object;+507
j  com.sun.jna.Function.invoke(Ljava/lang/Class;[Ljava/lang/Object;Ljava/util/Map;)Ljava/lang/Object;+194
j  com.sun.jna.Library$Handler.invoke(Ljava/lang/Object;Ljava/lang/reflect/Method;[Ljava/lang/Object;)Ljava/lang/Object;+344
j  com.sun.proxy.$Proxy0.READNUM(Lcom/sun/jna/Pointer;[Ljava/lang/String;I)Ljava/lang/String;+27
j  Test.main([Ljava/lang/String;)V+252
v  ~StubRoutines::call_stub
V  [jvm.dll+0x15c3d5]
V  [jvm.dll+0x2260ae]
V  [jvm.dll+0x15c46e]
V  [jvm.dll+0xdda67]
V  [jvm.dll+0xe600f]
C  [java.exe+0x2363]
C  [java.exe+0xb03f]
C  [java.exe+0xb0c9]
C  [KERNEL32.DLL+0x16359]
C  [ntdll.dll+0x67c24]
C  [ntdll.dll+0x67bf4]
C  0x00000000

Java frames: (J=compiled Java code, j=interpreted, Vv=VM code)
j  com.sun.jna.Pointer._getString(JZ)Ljava/lang/String;+0
j  com.sun.jna.Pointer.getString(JZ)Ljava/lang/String;+7
j  com.sun.jna.Pointer.getString(J)Ljava/lang/String;+90
j  com.sun.jna.Function.invokeString(I[Ljava/lang/Object;Z)Ljava/lang/String;+35
j  com.sun.jna.Function.invoke([Ljava/lang/Object;Ljava/lang/Class;)Ljava/lang/Object;+507
j  com.sun.jna.Function.invoke(Ljava/lang/Class;[Ljava/lang/Object;Ljava/util/Map;)Ljava/lang/Object;+194
j  com.sun.jna.Library$Handler.invoke(Ljava/lang/Object;Ljava/lang/reflect/Method;[Ljava/lang/Object;)Ljava/lang/Object;+344
j  com.sun.proxy.$Proxy0.READNUM(Lcom/sun/jna/Pointer;[Ljava/lang/String;I)Ljava/lang/String;+27
j  Test.main([Ljava/lang/String;)V+252
v  ~StubRoutines::call_stub

---------------  P R O C E S S  ---------------

Java Threads: ( => current thread )
  0x15aa1800 JavaThread "Service Thread" daemon [_thread_blocked, id=5232, stack(0x15cc0000,0x15d10000)]
  0x02a49000 JavaThread "C1 CompilerThread0" daemon [_thread_blocked, id=13232, stack(0x15a30000,0x15a80000)]
  0x02a39000 JavaThread "Monitor Ctrl-Break" daemon [_thread_in_native, id=16984, stack(0x159a0000,0x159f0000)]
  0x029f0800 JavaThread "Attach Listener" daemon [_thread_blocked, id=17000, stack(0x15910000,0x15960000)]
  0x029dec00 JavaThread "Signal Dispatcher" daemon [_thread_blocked, id=8364, stack(0x15230000,0x15280000)]
  0x029d1800 JavaThread "Finalizer" daemon [_thread_blocked, id=16580, stack(0x15140000,0x15190000)]
  0x02977400 JavaThread "Reference Handler" daemon [_thread_blocked, id=14472, stack(0x150b0000,0x15100000)]
=>0x00bbe000 JavaThread "main" [_thread_in_native, id=12352, stack(0x00bc0000,0x00c10000)]

Other Threads:
  0x02974400 VMThread [stack: 0x15060000,0x150b0000] [id=684]
  0x15ab4000 WatcherThread [stack: 0x15d50000,0x15da0000] [id=14888]

VM state:not at safepoint (normal execution)

VM Mutex/Monitor currently owned by a thread: None

Heap:
 def new generation   total 4928K, used 3290K [0x04c00000, 0x05150000, 0x0a150000)
  eden space 4416K,  74% used [0x04c00000, 0x04f36a50, 0x05050000)
  from space 512K,   0% used [0x05050000, 0x05050000, 0x050d0000)
  to   space 512K,   0% used [0x050d0000, 0x050d0000, 0x05150000)
 tenured generation   total 10944K, used 0K [0x0a150000, 0x0ac00000, 0x14c00000)
   the space 10944K,   0% used [0x0a150000, 0x0a150000, 0x0a150200, 0x0ac00000)
 Metaspace       used 535K, capacity 2440K, committed 2496K, reserved 4480K

Card table byte_map: [0x04ad0000,0x04b60000] byte_map_base: 0x04aaa000

Polling page: 0x008d0000

CodeCache: size=32768Kb used=819Kb max_used=819Kb free=31948Kb
 bounds [0x02a50000, 0x02b20000, 0x04a50000]
 total_blobs=230 nmethods=65 adapters=96
 compilation: enabled

Compilation events (10 events):
Event: 0.405 Thread 0x02a49000   61             java.util.HashMap::get (23 bytes)
Event: 0.405 Thread 0x02a49000 nmethod 61 0x02b18f48 code [0x02b19060, 0x02b19168]
Event: 0.408 Thread 0x02a49000   62  s!         sun.misc.URLClassPath::getLoader (243 bytes)
Event: 0.409 Thread 0x02a49000 nmethod 62 0x02b19248 code [0x02b194c0, 0x02b1a6d4]
Event: 0.409 Thread 0x02a49000   63  s          sun.misc.URLClassPath::getNextLoader (88 bytes)
Event: 0.409 Thread 0x02a49000 nmethod 63 0x02b1bac8 code [0x02b1bc10, 0x02b1bfd4]
Event: 0.409 Thread 0x02a49000   64             sun.misc.URLClassPath::getResource (83 bytes)
Event: 0.409 Thread 0x02a49000 nmethod 64 0x02b1c308 code [0x02b1c430, 0x02b1c554]
Event: 0.409 Thread 0x02a49000   65   !         sun.misc.URLClassPath$JarLoader::getResource (85 bytes)
Event: 0.410 Thread 0x02a49000 nmethod 65 0x02b1c648 code [0x02b1c7a0, 0x02b1ca88]

GC Heap History (0 events):
No events

Deoptimization events (0 events):
No events

Classes redefined (0 events):
No events

Internal exceptions (6 events):
Event: 0.087 Thread 0x00bbe000 Exception <a 'java/lang/NoSuchMethodError': Method sun.misc.Unsafe.defineClass(Ljava/lang/String;[BII)Ljava/lang/Class; name or signature does not match> (0x04c079e0) thrown at [C:\re\workspace\8-2-build-windows-i586-cygwin\jdk8u231\13620\hotspot\src\shar
Event: 0.087 Thread 0x00bbe000 Exception <a 'java/lang/NoSuchMethodError': Method sun.misc.Unsafe.prefetchRead(Ljava/lang/Object;J)V name or signature does not match> (0x04c07cb0) thrown at [C:\re\workspace\8-2-build-windows-i586-cygwin\jdk8u231\13620\hotspot\src\share\vm\prims\jni.cpp
Event: 0.179 Thread 0x00bbe000 Exception <a 'java/security/PrivilegedActionException'> (0x04d3ccc8) thrown at [C:\re\workspace\8-2-build-windows-i586-cygwin\jdk8u231\13620\hotspot\src\share\vm\prims\jvm.cpp, line 1502]
Event: 0.179 Thread 0x00bbe000 Exception <a 'java/security/PrivilegedActionException'> (0x04d3cec8) thrown at [C:\re\workspace\8-2-build-windows-i586-cygwin\jdk8u231\13620\hotspot\src\share\vm\prims\jvm.cpp, line 1502]
Event: 0.179 Thread 0x00bbe000 Exception <a 'java/security/PrivilegedActionException'> (0x04d3f910) thrown at [C:\re\workspace\8-2-build-windows-i586-cygwin\jdk8u231\13620\hotspot\src\share\vm\prims\jvm.cpp, line 1502]
Event: 0.179 Thread 0x00bbe000 Exception <a 'java/security/PrivilegedActionException'> (0x04d3fb10) thrown at [C:\re\workspace\8-2-build-windows-i586-cygwin\jdk8u231\13620\hotspot\src\share\vm\prims\jvm.cpp, line 1502]

Events (10 events):
Event: 0.410 loading class com/sun/jna/Memory$SharedMemory
Event: 0.410 loading class com/sun/jna/Memory$SharedMemory done
Event: 0.410 loading class com/sun/jna/WString
Event: 0.410 loading class com/sun/jna/WString done
Event: 1.242 loading class com/sun/jna/Function$PostCallRead
Event: 1.242 loading class com/sun/jna/Function$PostCallRead done
Event: 1.243 loading class com/sun/jna/StringArray
Event: 1.243 loading class com/sun/jna/StringArray done
Event: 1.248 loading class com/sun/jna/Function$PointerArray
Event: 1.248 loading class com/sun/jna/Function$PointerArray done


Dynamic libraries:
0x00d20000 - 0x00d53000 	D:\software\JAVA\jdk32_.8.0_231\bin\java.exe
0x77d90000 - 0x77f2a000 	C:\WINDOWS\SYSTEM32\ntdll.dll
0x76950000 - 0x76a30000 	C:\WINDOWS\System32\KERNEL32.DLL
0x76330000 - 0x7652f000 	C:\WINDOWS\System32\KERNELBASE.dll
0x752b0000 - 0x7534f000 	C:\WINDOWS\SYSTEM32\apphelp.dll
0x77860000 - 0x778d9000 	C:\WINDOWS\System32\ADVAPI32.dll
0x76590000 - 0x7664f000 	C:\WINDOWS\System32\msvcrt.dll
0x77710000 - 0x77786000 	C:\WINDOWS\System32\sechost.dll
0x777a0000 - 0x7785b000 	C:\WINDOWS\System32\RPCRT4.dll
0x75550000 - 0x75575000 	C:\WINDOWS\System32\SspiCli.dll
0x75540000 - 0x7554a000 	C:\WINDOWS\System32\CRYPTBASE.dll
0x76240000 - 0x7629f000 	C:\WINDOWS\System32\bcryptPrimitives.dll
0x76650000 - 0x767e7000 	C:\WINDOWS\System32\USER32.dll
0x77bd0000 - 0x77be7000 	C:\WINDOWS\System32\win32u.dll
0x77cc0000 - 0x77ce1000 	C:\WINDOWS\System32\GDI32.dll
0x75910000 - 0x75a6c000 	C:\WINDOWS\System32\gdi32full.dll
0x761c0000 - 0x7623c000 	C:\WINDOWS\System32\msvcp_win.dll
0x775d0000 - 0x776f0000 	C:\WINDOWS\System32\ucrtbase.dll
0x74d20000 - 0x74f2f000 	C:\WINDOWS\WinSxS\x86_microsoft.windows.common-controls_6595b64144ccf1df_6.0.18362.1139_none_e62929aaf8dc83cc\COMCTL32.dll
0x77950000 - 0x77bc5000 	C:\WINDOWS\System32\combase.dll
0x76a40000 - 0x76a65000 	C:\WINDOWS\System32\IMM32.DLL
0x7a780000 - 0x7a83f000 	D:\software\JAVA\jdk32_.8.0_231\jre\bin\msvcr100.dll
0x7a3a0000 - 0x7a776000 	D:\software\JAVA\jdk32_.8.0_231\jre\bin\client\jvm.dll
0x75800000 - 0x75806000 	C:\WINDOWS\System32\PSAPI.DLL
0x737d0000 - 0x737d8000 	C:\WINDOWS\SYSTEM32\WSOCK32.dll
0x767f0000 - 0x7684e000 	C:\WINDOWS\System32\WS2_32.dll
0x74480000 - 0x744a4000 	C:\WINDOWS\SYSTEM32\WINMM.dll
0x74c60000 - 0x74c68000 	C:\WINDOWS\SYSTEM32\VERSION.dll
0x74450000 - 0x74473000 	C:\WINDOWS\SYSTEM32\WINMMBASE.dll
0x77cf0000 - 0x77d2b000 	C:\WINDOWS\System32\cfgmgr32.dll
0x6eee0000 - 0x6eeec000 	D:\software\JAVA\jdk32_.8.0_231\jre\bin\verify.dll
0x7a320000 - 0x7a341000 	D:\software\JAVA\jdk32_.8.0_231\jre\bin\java.dll
0x7b4d0000 - 0x7b4f0000 	D:\software\JAVA\jdk32_.8.0_231\jre\bin\instrument.dll
0x7a380000 - 0x7a394000 	D:\software\JAVA\jdk32_.8.0_231\jre\bin\zip.dll
0x76a70000 - 0x76fea000 	C:\WINDOWS\System32\SHELL32.dll
0x762a0000 - 0x76324000 	C:\WINDOWS\System32\shcore.dll
0x76ff0000 - 0x775b1000 	C:\WINDOWS\System32\windows.storage.dll
0x778e0000 - 0x778fb000 	C:\WINDOWS\System32\profapi.dll
0x77900000 - 0x77943000 	C:\WINDOWS\System32\powrprof.dll
0x76a30000 - 0x76a3d000 	C:\WINDOWS\System32\UMPDC.dll
0x75d20000 - 0x75d64000 	C:\WINDOWS\System32\shlwapi.dll
0x775c0000 - 0x775cf000 	C:\WINDOWS\System32\kernel.appcore.dll
0x77bf0000 - 0x77c03000 	C:\WINDOWS\System32\cryptsp.dll
0x7a300000 - 0x7a316000 	D:\Program Files\JetBrains\IntelliJ IDEA 2020.1\bin\breakgen.dll
0x7a350000 - 0x7a366000 	D:\software\JAVA\jdk32_.8.0_231\jre\bin\net.dll
0x73660000 - 0x736b2000 	C:\WINDOWS\system32\mswsock.dll
0x71570000 - 0x7159f000 	C:\WINDOWS\system32\rsaenh.dll
0x776f0000 - 0x77709000 	C:\WINDOWS\System32\bcrypt.dll
0x74fc0000 - 0x74fde000 	C:\WINDOWS\SYSTEM32\USERENV.dll
0x75350000 - 0x75382000 	C:\WINDOWS\SYSTEM32\IPHLPAPI.DLL
0x75790000 - 0x75797000 	C:\WINDOWS\System32\NSI.dll
0x72e50000 - 0x72e63000 	C:\WINDOWS\SYSTEM32\dhcpcsvc6.DLL
0x72e70000 - 0x72e85000 	C:\WINDOWS\SYSTEM32\dhcpcsvc.DLL
0x73070000 - 0x73104000 	C:\WINDOWS\SYSTEM32\DNSAPI.dll
0x7a370000 - 0x7a37f000 	D:\software\JAVA\jdk32_.8.0_231\jre\bin\nio.dll
0x15da0000 - 0x15df2000 	C:\Users\zaixz\AppData\Local\Temp\jna6623116279711995292.tmp
0x7b6d0000 - 0x7b6e7000 	D:\software\JAVA\jdk32_.8.0_231\bin\PACKDLL2.dll
0x76850000 - 0x76947000 	C:\WINDOWS\System32\ole32.dll
0x756f0000 - 0x75782000 	C:\WINDOWS\System32\OLEAUT32.dll
0x700a0000 - 0x7010f000 	C:\WINDOWS\SYSTEM32\MSVCP140.dll
0x702d0000 - 0x702e4000 	C:\WINDOWS\SYSTEM32\VCRUNTIME140.dll
0x72ce0000 - 0x72d5a000 	C:\WINDOWS\system32\uxtheme.dll
0x75610000 - 0x75690000 	C:\WINDOWS\System32\clbcatq.dll
0x165c0000 - 0x165d2000 	C:\WINDOWS\System32\opccomn_ps.dll
0x165e0000 - 0x16734000 	C:\Windows\System32\comsvcs.dll
0x16740000 - 0x1675c000 	C:\WINDOWS\System32\opcproxy.dll
0x74fe0000 - 0x7516f000 	C:\WINDOWS\SYSTEM32\dbghelp.dll

VM Arguments:
jvm_args: -Djava.library.path=E:\2020project\OTT\src\main\java\ -javaagent:D:\Program Files\JetBrains\IntelliJ IDEA 2020.1\lib\idea_rt.jar=61460:D:\Program Files\JetBrains\IntelliJ IDEA 2020.1\bin -Dfile.encoding=UTF-8 
java_command: Test
java_class_path (initial): D:\software\JAVA\jdk32_.8.0_231\jre\lib\charsets.jar;D:\software\JAVA\jdk32_.8.0_231\jre\lib\deploy.jar;D:\software\JAVA\jdk32_.8.0_231\jre\lib\ext\access-bridge-32.jar;D:\software\JAVA\jdk32_.8.0_231\jre\lib\ext\cldrdata.jar;D:\software\JAVA\jdk32_.8.0_231\jre\lib\ext\dnsns.jar;D:\software\JAVA\jdk32_.8.0_231\jre\lib\ext\jaccess.jar;D:\software\JAVA\jdk32_.8.0_231\jre\lib\ext\jfxrt.jar;D:\software\JAVA\jdk32_.8.0_231\jre\lib\ext\localedata.jar;D:\software\JAVA\jdk32_.8.0_231\jre\lib\ext\nashorn.jar;D:\software\JAVA\jdk32_.8.0_231\jre\lib\ext\sunec.jar;D:\software\JAVA\jdk32_.8.0_231\jre\lib\ext\sunjce_provider.jar;D:\software\JAVA\jdk32_.8.0_231\jre\lib\ext\sunmscapi.jar;D:\software\JAVA\jdk32_.8.0_231\jre\lib\ext\sunpkcs11.jar;D:\software\JAVA\jdk32_.8.0_231\jre\lib\ext\zipfs.jar;D:\software\JAVA\jdk32_.8.0_231\jre\lib\javaws.jar;D:\software\JAVA\jdk32_.8.0_231\jre\lib\jce.jar;D:\software\JAVA\jdk32_.8.0_231\jre\lib\jfr.jar;D:\software\JAVA\jdk32_.8.0_231\jre\lib\jfxswt.jar;D:\software\JAVA\jdk32_.8.0_231\jre\lib\jsse.jar;D:\software\JAVA\jdk32_.8.0_231\jre\lib\management-agent.jar;D:\software\JAVA\jdk32_.8.0_231\jre\lib\plugin.jar;D:\software\JAVA\jdk32_.8.0_231\jre\lib\resources.jar;D:\software\JAVA\jdk32_.8.0_231\jre\lib\rt.jar;E:\2020project\OTT\target\classes;C:\Users\zaixz\.m2\repository\com\sun\jna\jna\3.0.9\jna-3.0.9.jar;C:\Users\zaixz\.m2\repository\com\alibaba\fastjson\1.2.38\fastjson-1.2.38.jar;D:\Program Files\JetBrains\IntelliJ IDEA 2020.1\lib\idea_rt.jar
Launcher Type: SUN_STANDARD

Environment Variables:
JAVA_HOME=D:\software\JAVA\jdk-9.0.1
JRE_HOME=D:\software\JAVA\jre-9.0.1
CLASSPATH=.;d:\360downloads\software\lib\sound.jar;d:\360downloads\software\lib\jmf.jar;d:\360downloads\software\lib;
PATH=D:\Program Files\opencv\build\x64\vc14\bin;D:\Python\Scripts\;D:\Python\;D:\software\JAVA\jre-9.0.1\bin;D:\software\JAVA\jdk-9.0.1\bin;C:\apache-tomcat-9.0.8-windows-x64\apache-tomcat-9.0.8\bin;C:\ProgramData\Oracle\Java\javapath;E:\android_KIT\activeMQ_Service\apache-activemq-5.15.3-bin (1)\apache-activemq-5.15.3\bin\win64;D:\Program Files\Android\Android Studio\jre\bin;C:\apache-maven-3.6.0\bin;C:\instantclient_12_2;C:\xampp\php\ext;C:\xampp\php;C:\WINDOWS\system32;C:\WINDOWS;C:\WINDOWS\System32\Wbem;C:\WINDOWS\System32\WindowsPowerShell\v1.0\;.;D:\Program Files\MATLAB\R2017b\runtime\win64;C:\Program Files (x86)\Common Files\Oracle\Java\javapath;D:\Program Files\MATLAB\R2017b\bin;C:\Program Files\Git\cmd;C:\Users\zaixz\AppData\Local\Android\Sdk\platform-tools;C:\Program Files\dotnet\;C:\Program Files\Microsoft SQL Server\130\Tools\Binn\;C:\WINDOWS\System32\OpenSSH\;D:\software\Oralce\instantclient_11_2_X64;C:\Program Files\Microsoft SQL Server\110\Tools\Binn\;C:\Program Files (x86)\Windows Kits\8.1\Windows Performance Toolkit\;C:\Redis-x64-3.2.100\;C:\Users\zaixz\AppData\Local\Microsoft\WindowsApps;D:\Program Files (x86)\Microsoft VS Code\bin;D:\Program Files\Bandizip\;
USERNAME=zaixz
OS=Windows_NT
PROCESSOR_IDENTIFIER=Intel64 Family 6 Model 94 Stepping 3, GenuineIntel



---------------  S Y S T E M  ---------------

OS: Windows 10.0 , 64 bit Build 18362 (10.0.18362.1110)

CPU:total 2 (initial active 2) (2 cores per cpu, 1 threads per core) family 6 model 94 stepping 3, cmov, cx8, fxsr, mmx, sse, sse2, sse3, ssse3, sse4.1, sse4.2, popcnt, aes, clmul, erms, 3dnowpref, lzcnt, tsc, tscinvbit

Memory: 4k page, physical 8296440k(731376k free), swap 13488832k(1557632k free)

vm_info: Java HotSpot(TM) Client VM (25.231-b11) for windows-x86 JRE (1.8.0_231-b11), built on Oct  5 2019 03:23:31 by "java_re" with MS VC++ 10.0 (VS2010)

time: Sun Nov 22 00:19:29 2020
timezone: 中国标准时间
elapsed time: 1 seconds (0d 0h 0m 1s)

